Unity Editor version:    2021.3.16f1 (4016570cf34f)
Branch:                  2021.3/staging
Build type:              Release
Batch mode:              YES
macOS version:           Version 10.15.7 (Build 19H1713)
Darwin version:          19.6.0
Architecture:            x86_64
Running under Rosetta:   NO
Available memory:        8192 MB
Using pre-set license
Pro License: YES

COMMAND LINE ARGUMENTS:
/Applications/Unity/Hub/Editor/2021.3.16f1/Unity.app/Contents/MacOS/Unity
-adb2
-batchMode
-noUpm
-name
AssetImportWorker1
-projectPath
/Users/mac-pro/Desktop/Cart315/CART315_Unity2/C2
-logFile
Logs/AssetImportWorker1.log
-srvPort
50392
Successfully changed project path to: /Users/mac-pro/Desktop/Cart315/CART315_Unity2/C2
/Users/mac-pro/Desktop/Cart315/CART315_Unity2/C2
[UnityMemory] Configuration Parameters - Can be set up in boot.config
    "memorysetup-bucket-allocator-granularity=16"
    "memorysetup-bucket-allocator-bucket-count=8"
    "memorysetup-bucket-allocator-block-size=33554432"
    "memorysetup-bucket-allocator-block-count=8"
    "memorysetup-main-allocator-block-size=16777216"
    "memorysetup-thread-allocator-block-size=16777216"
    "memorysetup-gfx-main-allocator-block-size=16777216"
    "memorysetup-gfx-thread-allocator-block-size=16777216"
    "memorysetup-cache-allocator-block-size=4194304"
    "memorysetup-typetree-allocator-block-size=2097152"
    "memorysetup-profiler-bucket-allocator-granularity=16"
    "memorysetup-profiler-bucket-allocator-bucket-count=8"
    "memorysetup-profiler-bucket-allocator-block-size=33554432"
    "memorysetup-profiler-bucket-allocator-block-count=8"
    "memorysetup-profiler-allocator-block-size=16777216"
    "memorysetup-profiler-editor-allocator-block-size=1048576"
    "memorysetup-temp-allocator-size-main=16777216"
    "memorysetup-job-temp-allocator-block-size=2097152"
    "memorysetup-job-temp-allocator-block-size-background=1048576"
    "memorysetup-job-temp-allocator-reduction-small-platforms=262144"
    "memorysetup-temp-allocator-size-background-worker=32768"
    "memorysetup-temp-allocator-size-job-worker=262144"
    "memorysetup-temp-allocator-size-preload-manager=33554432"
    "memorysetup-temp-allocator-size-nav-mesh-worker=65536"
    "memorysetup-temp-allocator-size-audio-worker=65536"
    "memorysetup-temp-allocator-size-cloud-worker=32768"
    "memorysetup-temp-allocator-size-gi-baking-worker=262144"
    "memorysetup-temp-allocator-size-gfx=262144"
Player connection [4643704256] Host "[IP] 172.30.87.91 [Port] 0 [Flags] 2 [Guid] 3986742732 [EditorId] 3986742732 [Version] 1048832 [Id] OSXEditor(0,mbp-de-pro.wireless.concordia.ca) [Debug] 1 [PackageName] OSXEditor [ProjectName] Editor" joined multi-casting on [225.0.0.222:54997]...

Player connection [4643704256] Host "[IP] 172.30.87.91 [Port] 0 [Flags] 2 [Guid] 3986742732 [EditorId] 3986742732 [Version] 1048832 [Id] OSXEditor(0,mbp-de-pro.wireless.concordia.ca) [Debug] 1 [PackageName] OSXEditor [ProjectName] Editor" joined alternative multi-casting on [225.0.0.222:34997]...

Refreshing native plugins compatible for Editor in 150.10 ms, found 2 plugins.
Preloading 0 native plugins for Editor in 0.00 ms.
Initialize engine version: 2021.3.16f1 (4016570cf34f)
[Subsystems] Discovering subsystems at path /Applications/Unity/Hub/Editor/2021.3.16f1/Unity.app/Contents/Resources/UnitySubsystems
[Subsystems] Discovering subsystems at path /Users/mac-pro/Desktop/Cart315/CART315_Unity2/C2/Assets
GfxDevice: creating device client; threaded=0; jobified=0
Color LCD preferred device: NVIDIA GeForce GT 650M (high power)
Metal devices available: 2
0: NVIDIA GeForce GT 650M (high power)
1: Intel HD Graphics 4000 (low power)
Using device NVIDIA GeForce GT 650M (high power)
Initializing Metal device caps: NVIDIA GeForce GT 650M
Initialize mono
Mono path[0] = '/Applications/Unity/Hub/Editor/2021.3.16f1/Unity.app/Contents/Managed'
Mono path[1] = '/Applications/Unity/Hub/Editor/2021.3.16f1/Unity.app/Contents/MonoBleedingEdge/lib/mono/unityjit-macos'
Mono config path = '/Applications/Unity/Hub/Editor/2021.3.16f1/Unity.app/Contents/MonoBleedingEdge/etc'
Using monoOptions --debugger-agent=transport=dt_socket,embedding=1,server=y,suspend=n,address=127.0.0.1:56751
Begin MonoManager ReloadAssembly
Registering precompiled unity dll's ...
Register platform support module: /Applications/Unity/Hub/Editor/2021.3.16f1/Unity.app/Contents/PlaybackEngines/MacStandaloneSupport/UnityEditor.OSXStandalone.Extensions.dll
Registered in 0.001847 seconds.
Native extension for OSXStandalone target not found
Refreshing native plugins compatible for Editor in 123.74 ms, found 2 plugins.
Preloading 0 native plugins for Editor in 0.00 ms.
Mono: successfully reloaded assembly
- Completed reload, in  1.270 seconds
Domain Reload Profiling:
	ReloadAssembly (1270ms)
		BeginReloadAssembly (184ms)
			ExecutionOrderSort (0ms)
			DisableScriptedObjects (0ms)
			BackupInstance (0ms)
			ReleaseScriptingObjects (0ms)
			CreateAndSetChildDomain (1ms)
		EndReloadAssembly (884ms)
			LoadAssemblies (186ms)
			RebuildTransferFunctionScriptingTraits (0ms)
			SetupTypeCache (216ms)
			ReleaseScriptCaches (0ms)
			RebuildScriptCaches (53ms)
			SetupLoadedEditorAssemblies (534ms)
				LogAssemblyErrors (0ms)
				InitializePlatformSupportModulesInManaged (10ms)
				SetLoadedEditorAssemblies (0ms)
				RefreshPlugins (124ms)
				BeforeProcessingInitializeOnLoad (2ms)
				ProcessInitializeOnLoadAttributes (324ms)
				ProcessInitializeOnLoadMethodAttributes (75ms)
				AfterProcessingInitializeOnLoad (0ms)
				EditorAssembliesLoaded (0ms)
			ExecutionOrderSort2 (0ms)
			AwakeInstancesAfterBackupRestoration (0ms)
Platform modules already initialized, skipping
Registering precompiled user dll's ...
Registered in 0.004439 seconds.
Begin MonoManager ReloadAssembly
Symbol file LoadedFromMemory doesn't match image /Users/mac-pro/Desktop/Cart315/CART315_Unity2/C2/Library/PackageCache/com.unity.visualscripting@1.7.8/Editor/VisualScripting.Core/Dependencies/YamlDotNet/Unity.VisualScripting.YamlDotNet.dll
Symbol file LoadedFromMemory doesn't match image /Users/mac-pro/Desktop/Cart315/CART315_Unity2/C2/Library/PackageCache/com.unity.visualscripting@1.7.8/Editor/VisualScripting.Core/Dependencies/DotNetZip/Unity.VisualScripting.IonicZip.dll
Native extension for OSXStandalone target not found
Refreshing native plugins compatible for Editor in 0.79 ms, found 2 plugins.
Preloading 0 native plugins for Editor in 0.00 ms.
Mono: successfully reloaded assembly
- Completed reload, in  2.011 seconds
Domain Reload Profiling:
	ReloadAssembly (2012ms)
		BeginReloadAssembly (165ms)
			ExecutionOrderSort (0ms)
			DisableScriptedObjects (10ms)
			BackupInstance (0ms)
			ReleaseScriptingObjects (0ms)
			CreateAndSetChildDomain (46ms)
		EndReloadAssembly (1633ms)
			LoadAssemblies (188ms)
			RebuildTransferFunctionScriptingTraits (0ms)
			SetupTypeCache (596ms)
			ReleaseScriptCaches (1ms)
			RebuildScriptCaches (98ms)
			SetupLoadedEditorAssemblies (661ms)
				LogAssemblyErrors (0ms)
				InitializePlatformSupportModulesInManaged (6ms)
				SetLoadedEditorAssemblies (1ms)
				RefreshPlugins (1ms)
				BeforeProcessingInitializeOnLoad (145ms)
				ProcessInitializeOnLoadAttributes (461ms)
				ProcessInitializeOnLoadMethodAttributes (45ms)
				AfterProcessingInitializeOnLoad (3ms)
				EditorAssembliesLoaded (0ms)
			ExecutionOrderSort2 (0ms)
			AwakeInstancesAfterBackupRestoration (7ms)
Platform modules already initialized, skipping
========================================================================
Worker process is ready to serve import requests
Launching external process: /Applications/Unity/Hub/Editor/2021.3.16f1/Unity.app/Contents/Tools/UnityShaderCompiler
Launched and connected shader compiler UnityShaderCompiler after 0.08 seconds
Refreshing native plugins compatible for Editor in 0.83 ms, found 2 plugins.
Preloading 0 native plugins for Editor in 0.00 ms.
Unloading 3754 Unused Serialized files (Serialized files now loaded: 0)
Unloading 29 unused Assets / (109.7 KB). Loaded Objects now: 4231.
Memory consumption went from 145.1 MB to 145.0 MB.
Total: 5.278136 ms (FindLiveObjects: 0.410103 ms CreateObjectMapping: 0.418403 ms MarkObjects: 4.192146 ms  DeleteObjects: 0.256039 ms)

AssetImportParameters requested are different than current active one (requested -> active):
  custom:video-decoder-ogg-theora: a1e56fd34408186e4bbccfd4996cb3dc -> 
  custom:container-muxer-webm: aa71ff27fc2769a1b78a27578f13a17b -> 
  custom:container-demuxer-webm: 4f35f7cbe854078d1ac9338744f61a02 -> 
  custom:video-encoder-webm-vp8: eb34c28f22e8b96e1ab97ce403110664 -> 
  custom:framework-osx-AVFoundation: b23960f63f64bdc6ff669e2cdcee2391 -> 
  custom:audio-encoder-webm-vorbis: bf7c407c2cedff20999df2af8eb42d56 -> 
  custom:container-demuxer-ogg: 62fdf1f143b41e24485cea50d1cbac27 -> 
  custom:video-decoder-webm-vp8: 9c59270c3fd7afecdb556c50c9e8de78 -> 
  custom:audio-decoder-ogg-vorbis: bf7c407c2cedff20999df2af8eb42d56 -> 
========================================================================
Received Prepare
Registering precompiled user dll's ...
Registered in 0.003305 seconds.
Begin MonoManager ReloadAssembly
Symbol file LoadedFromMemory doesn't match image /Users/mac-pro/Desktop/Cart315/CART315_Unity2/C2/Library/PackageCache/com.unity.visualscripting@1.7.8/Editor/VisualScripting.Core/Dependencies/YamlDotNet/Unity.VisualScripting.YamlDotNet.dll
Symbol file LoadedFromMemory doesn't match image /Users/mac-pro/Desktop/Cart315/CART315_Unity2/C2/Library/PackageCache/com.unity.visualscripting@1.7.8/Editor/VisualScripting.Core/Dependencies/DotNetZip/Unity.VisualScripting.IonicZip.dll
Native extension for OSXStandalone target not found
Refreshing native plugins compatible for Editor in 0.66 ms, found 2 plugins.
Preloading 0 native plugins for Editor in 0.00 ms.
Mono: successfully reloaded assembly
- Completed reload, in  1.746 seconds
Domain Reload Profiling:
	ReloadAssembly (1747ms)
		BeginReloadAssembly (203ms)
			ExecutionOrderSort (0ms)
			DisableScriptedObjects (10ms)
			BackupInstance (0ms)
			ReleaseScriptingObjects (0ms)
			CreateAndSetChildDomain (87ms)
		EndReloadAssembly (1371ms)
			LoadAssemblies (93ms)
			RebuildTransferFunctionScriptingTraits (0ms)
			SetupTypeCache (520ms)
			ReleaseScriptCaches (2ms)
			RebuildScriptCaches (74ms)
			SetupLoadedEditorAssemblies (593ms)
				LogAssemblyErrors (0ms)
				InitializePlatformSupportModulesInManaged (14ms)
				SetLoadedEditorAssemblies (1ms)
				RefreshPlugins (1ms)
				BeforeProcessingInitializeOnLoad (98ms)
				ProcessInitializeOnLoadAttributes (431ms)
				ProcessInitializeOnLoadMethodAttributes (46ms)
				AfterProcessingInitializeOnLoad (3ms)
				EditorAssembliesLoaded (0ms)
			ExecutionOrderSort2 (0ms)
			AwakeInstancesAfterBackupRestoration (8ms)
Platform modules already initialized, skipping
Refreshing native plugins compatible for Editor in 2.02 ms, found 2 plugins.
Preloading 0 native plugins for Editor in 0.00 ms.
Unloading 3718 Unused Serialized files (Serialized files now loaded: 0)
Unloading 22 unused Assets / (89.3 KB). Loaded Objects now: 4234.
Memory consumption went from 141.9 MB to 141.8 MB.
Total: 5.198688 ms (FindLiveObjects: 0.368150 ms CreateObjectMapping: 0.405825 ms MarkObjects: 4.148421 ms  DeleteObjects: 0.274877 ms)

AssetImportParameters requested are different than current active one (requested -> active):
  custom:video-decoder-ogg-theora: a1e56fd34408186e4bbccfd4996cb3dc -> 
  custom:container-muxer-webm: aa71ff27fc2769a1b78a27578f13a17b -> 
  custom:container-demuxer-webm: 4f35f7cbe854078d1ac9338744f61a02 -> 
  custom:video-encoder-webm-vp8: eb34c28f22e8b96e1ab97ce403110664 -> 
  custom:framework-osx-AVFoundation: b23960f63f64bdc6ff669e2cdcee2391 -> 
  custom:audio-encoder-webm-vorbis: bf7c407c2cedff20999df2af8eb42d56 -> 
  custom:container-demuxer-ogg: 62fdf1f143b41e24485cea50d1cbac27 -> 
  custom:video-decoder-webm-vp8: 9c59270c3fd7afecdb556c50c9e8de78 -> 
  custom:audio-decoder-ogg-vorbis: bf7c407c2cedff20999df2af8eb42d56 -> 
========================================================================
Received Prepare
Registering precompiled user dll's ...
Registered in 0.003389 seconds.
Begin MonoManager ReloadAssembly
Symbol file LoadedFromMemory doesn't match image /Users/mac-pro/Desktop/Cart315/CART315_Unity2/C2/Library/PackageCache/com.unity.visualscripting@1.7.8/Editor/VisualScripting.Core/Dependencies/YamlDotNet/Unity.VisualScripting.YamlDotNet.dll
Symbol file LoadedFromMemory doesn't match image /Users/mac-pro/Desktop/Cart315/CART315_Unity2/C2/Library/PackageCache/com.unity.visualscripting@1.7.8/Editor/VisualScripting.Core/Dependencies/DotNetZip/Unity.VisualScripting.IonicZip.dll
Native extension for OSXStandalone target not found
Refreshing native plugins compatible for Editor in 0.94 ms, found 2 plugins.
Preloading 0 native plugins for Editor in 0.00 ms.
Mono: successfully reloaded assembly
- Completed reload, in  1.789 seconds
Domain Reload Profiling:
	ReloadAssembly (1790ms)
		BeginReloadAssembly (207ms)
			ExecutionOrderSort (0ms)
			DisableScriptedObjects (12ms)
			BackupInstance (0ms)
			ReleaseScriptingObjects (0ms)
			CreateAndSetChildDomain (89ms)
		EndReloadAssembly (1408ms)
			LoadAssemblies (92ms)
			RebuildTransferFunctionScriptingTraits (0ms)
			SetupTypeCache (532ms)
			ReleaseScriptCaches (2ms)
			RebuildScriptCaches (78ms)
			SetupLoadedEditorAssemblies (612ms)
				LogAssemblyErrors (0ms)
				InitializePlatformSupportModulesInManaged (19ms)
				SetLoadedEditorAssemblies (1ms)
				RefreshPlugins (1ms)
				BeforeProcessingInitializeOnLoad (105ms)
				ProcessInitializeOnLoadAttributes (440ms)
				ProcessInitializeOnLoadMethodAttributes (43ms)
				AfterProcessingInitializeOnLoad (3ms)
				EditorAssembliesLoaded (0ms)
			ExecutionOrderSort2 (0ms)
			AwakeInstancesAfterBackupRestoration (8ms)
Platform modules already initialized, skipping
Refreshing native plugins compatible for Editor in 2.07 ms, found 2 plugins.
Preloading 0 native plugins for Editor in 0.00 ms.
Unloading 3718 Unused Serialized files (Serialized files now loaded: 0)
Unloading 22 unused Assets / (89.5 KB). Loaded Objects now: 4237.
Memory consumption went from 141.9 MB to 141.8 MB.
Total: 5.030561 ms (FindLiveObjects: 0.342003 ms CreateObjectMapping: 0.351940 ms MarkObjects: 4.101220 ms  DeleteObjects: 0.233897 ms)

AssetImportParameters requested are different than current active one (requested -> active):
  custom:video-decoder-ogg-theora: a1e56fd34408186e4bbccfd4996cb3dc -> 
  custom:container-muxer-webm: aa71ff27fc2769a1b78a27578f13a17b -> 
  custom:container-demuxer-webm: 4f35f7cbe854078d1ac9338744f61a02 -> 
  custom:video-encoder-webm-vp8: eb34c28f22e8b96e1ab97ce403110664 -> 
  custom:framework-osx-AVFoundation: b23960f63f64bdc6ff669e2cdcee2391 -> 
  custom:audio-encoder-webm-vorbis: bf7c407c2cedff20999df2af8eb42d56 -> 
  custom:container-demuxer-ogg: 62fdf1f143b41e24485cea50d1cbac27 -> 
  custom:video-decoder-webm-vp8: 9c59270c3fd7afecdb556c50c9e8de78 -> 
  custom:audio-decoder-ogg-vorbis: bf7c407c2cedff20999df2af8eb42d56 -> 
========================================================================
Received Import Request.
  Time since last request: 119116.237753 seconds.
  path: Packages/com.unity.probuilder/Content/Icons/Toolbar/AltButton_Hover.png
  artifactKey: Guid(d4f4647229a9f47a3b8739dad2c59db5) Importer(815301076,1909f56bfc062723c751e8b465ee728b)
Start importing Packages/com.unity.probuilder/Content/Icons/Toolbar/AltButton_Hover.png using Guid(d4f4647229a9f47a3b8739dad2c59db5) Importer(815301076,1909f56bfc062723c751e8b465ee728b)  -> (artifact id: '254e65d5f5f624d364df1e6b8b40b262') in 0.882480 seconds 
========================================================================
Received Import Request.
  Time since last request: 0.000116 seconds.
  path: Packages/com.unity.probuilder/Content/Icons/Tools/ShapeTool/on/Arch.png
  artifactKey: Guid(59174e0e17d65334da602fa20193c69e) Importer(815301076,1909f56bfc062723c751e8b465ee728b)
Start importing Packages/com.unity.probuilder/Content/Icons/Tools/ShapeTool/on/Arch.png using Guid(59174e0e17d65334da602fa20193c69e) Importer(815301076,1909f56bfc062723c751e8b465ee728b)  -> (artifact id: '8a120a8115c11c26be3528e801fe4268') in 0.014950 seconds 
========================================================================
Received Import Request.
  Time since last request: 0.000102 seconds.
  path: Packages/com.unity.probuilder/Content/Icons/Toolbar/AltButton_Normal.png
  artifactKey: Guid(c175d9b0ccfa2428ea936c9c6b654bd1) Importer(815301076,1909f56bfc062723c751e8b465ee728b)
Start importing Packages/com.unity.probuilder/Content/Icons/Toolbar/AltButton_Normal.png using Guid(c175d9b0ccfa2428ea936c9c6b654bd1) Importer(815301076,1909f56bfc062723c751e8b465ee728b)  -> (artifact id: '239e12b0fac38369fea616d4d5486a67') in 0.355609 seconds 
========================================================================
Received Import Request.
  Time since last request: 0.000069 seconds.
  path: Packages/com.unity.probuilder/Content/Icons/Tools/ShapeTool/on/Arch@2x.png
  artifactKey: Guid(83a22ff5d6dac6a42bee117814bdd982) Importer(815301076,1909f56bfc062723c751e8b465ee728b)
Start importing Packages/com.unity.probuilder/Content/Icons/Tools/ShapeTool/on/Arch@2x.png using Guid(83a22ff5d6dac6a42bee117814bdd982) Importer(815301076,1909f56bfc062723c751e8b465ee728b)  -> (artifact id: 'd3e71e27f2a12665ff7ed22d91edc779') in 0.358269 seconds 
========================================================================
Received Import Request.
  Time since last request: 0.000115 seconds.
  path: Packages/com.unity.probuilder/Content/Icons/Tools/ShapeTool/Arch.png
  artifactKey: Guid(daaddaa51d20cb14a971727d2576c391) Importer(815301076,1909f56bfc062723c751e8b465ee728b)
Start importing Packages/com.unity.probuilder/Content/Icons/Tools/ShapeTool/Arch.png using Guid(daaddaa51d20cb14a971727d2576c391) Importer(815301076,1909f56bfc062723c751e8b465ee728b)  -> (artifact id: '854868fea90d11bc041fa5aa43a0f2d9') in 0.025998 seconds 
========================================================================
Received Import Request.
  Time since last request: 0.000099 seconds.
  path: Packages/com.unity.probuilder/Content/Icons/Tools/ShapeTool/on/Capsule.png
  artifactKey: Guid(9e9f078afae5aef46a4883459dc1982f) Importer(815301076,1909f56bfc062723c751e8b465ee728b)
Start importing Packages/com.unity.probuilder/Content/Icons/Tools/ShapeTool/on/Capsule.png using Guid(9e9f078afae5aef46a4883459dc1982f) Importer(815301076,1909f56bfc062723c751e8b465ee728b)  -> (artifact id: '6ee456d5f6e31ef7fc990354f90af263') in 0.189857 seconds 
========================================================================
Received Import Request.
  Time since last request: 0.000111 seconds.
  path: Packages/com.unity.probuilder/Content/Icons/Tools/ShapeTool/Capsule@2x.png
  artifactKey: Guid(c0b6c8220ae0eb146805022faa478b5c) Importer(815301076,1909f56bfc062723c751e8b465ee728b)
Start importing Packages/com.unity.probuilder/Content/Icons/Tools/ShapeTool/Capsule@2x.png using Guid(c0b6c8220ae0eb146805022faa478b5c) Importer(815301076,1909f56bfc062723c751e8b465ee728b)  -> (artifact id: 'a0915dea979694ef5537497ca3fd359c') in 0.034763 seconds 
========================================================================
Received Import Request.
  Time since last request: 0.000281 seconds.
  path: Packages/com.unity.probuilder/Content/Icons/UVEditor/camera-64x64_Light.png
  artifactKey: Guid(33945f703736c47498502b3fdb360955) Importer(815301076,1909f56bfc062723c751e8b465ee728b)
Start importing Packages/com.unity.probuilder/Content/Icons/UVEditor/camera-64x64_Light.png using Guid(33945f703736c47498502b3fdb360955) Importer(815301076,1909f56bfc062723c751e8b465ee728b)  -> (artifact id: '39d6c8bb24f60c8865610af00abfaf0d') in 0.057639 seconds 
========================================================================
Received Import Request.
  Time since last request: 0.000157 seconds.
  path: Packages/com.unity.probuilder/Content/Icons/Tools/ShapeTool/Capsule.png
  artifactKey: Guid(fb63a06c07bc813469fd253c3b48b93c) Importer(815301076,1909f56bfc062723c751e8b465ee728b)
Start importing Packages/com.unity.probuilder/Content/Icons/Tools/ShapeTool/Capsule.png using Guid(fb63a06c07bc813469fd253c3b48b93c) Importer(815301076,1909f56bfc062723c751e8b465ee728b)  -> (artifact id: '9595b7ebdac0fe3adacf42440f1071d7') in 0.022610 seconds 
========================================================================
Received Import Request.
  Time since last request: 0.003453 seconds.
  path: Packages/com.unity.probuilder/Content/Icons/Toolbar/Edge_Bridge_disabled.png
  artifactKey: Guid(821257d58060c41e29f55ecdab551f4b) Importer(815301076,1909f56bfc062723c751e8b465ee728b)
Start importing Packages/com.unity.probuilder/Content/Icons/Toolbar/Edge_Bridge_disabled.png using Guid(821257d58060c41e29f55ecdab551f4b) Importer(815301076,1909f56bfc062723c751e8b465ee728b)  -> (artifact id: '412f1ed9da4bddecd4739ec2f3c94e5d') in 0.044061 seconds 
========================================================================
Received Import Request.
  Time since last request: 0.000230 seconds.
  path: Packages/com.unity.probuilder/Content/Icons/Toolbar/Edge_Connect.png
  artifactKey: Guid(a8aaa3be9d93e4e979be2cdb9b36c5a7) Importer(815301076,1909f56bfc062723c751e8b465ee728b)
Start importing Packages/com.unity.probuilder/Content/Icons/Toolbar/Edge_Connect.png using Guid(a8aaa3be9d93e4e979be2cdb9b36c5a7) Importer(815301076,1909f56bfc062723c751e8b465ee728b)  -> (artifact id: 'ceca06c239c5ced6db54f0ae00893864') in 0.012072 seconds 
========================================================================
Received Import Request.
  Time since last request: 0.000511 seconds.
  path: Packages/com.unity.probuilder/Content/Icons/Tools/ShapeTool/on/Door@2x.png
  artifactKey: Guid(dd5e95bfc7fa456479336740356abaca) Importer(815301076,1909f56bfc062723c751e8b465ee728b)
Start importing Packages/com.unity.probuilder/Content/Icons/Tools/ShapeTool/on/Door@2x.png using Guid(dd5e95bfc7fa456479336740356abaca) Importer(815301076,1909f56bfc062723c751e8b465ee728b)  -> (artifact id: '130be8d5530f8b99898d1a0d75e1ec13') in 0.029734 seconds 
========================================================================
Received Import Request.
  Time since last request: 0.001429 seconds.
  path: Packages/com.unity.probuilder/Content/Icons/Toolbar/Edge_Bevel_disabled.png
  artifactKey: Guid(856657b62858748498f0ca756ea934af) Importer(815301076,1909f56bfc062723c751e8b465ee728b)
Start importing Packages/com.unity.probuilder/Content/Icons/Toolbar/Edge_Bevel_disabled.png using Guid(856657b62858748498f0ca756ea934af) Importer(815301076,1909f56bfc062723c751e8b465ee728b)  -> (artifact id: 'b1b9c908f0822d4b68f1d1627997c247') in 0.011902 seconds 
========================================================================
Received Import Request.
  Time since last request: 0.000096 seconds.
  path: Packages/com.unity.probuilder/Content/Icons/Toolbar/Edge_Bevel.png
  artifactKey: Guid(43dee953c3e16437c905284d61f0b482) Importer(815301076,1909f56bfc062723c751e8b465ee728b)
Start importing Packages/com.unity.probuilder/Content/Icons/Toolbar/Edge_Bevel.png using Guid(43dee953c3e16437c905284d61f0b482) Importer(815301076,1909f56bfc062723c751e8b465ee728b)  -> (artifact id: 'eec8dcbb2320ddca6887345cc315ab9a') in 0.015146 seconds 
========================================================================
Received Import Request.
  Time since last request: 0.090366 seconds.
  path: Packages/com.unity.probuilder/Content/Icons/Toolbar/Edge_Extrude.png
  artifactKey: Guid(17ca372dc70ce445795e5327fd14617d) Importer(815301076,1909f56bfc062723c751e8b465ee728b)
Start importing Packages/com.unity.probuilder/Content/Icons/Toolbar/Edge_Extrude.png using Guid(17ca372dc70ce445795e5327fd14617d) Importer(815301076,1909f56bfc062723c751e8b465ee728b)  -> (artifact id: '2506245c8ffe88be3d6ac60e0e42e8fe') in 0.010924 seconds 
========================================================================
Received Import Request.
  Time since last request: 0.054699 seconds.
  path: Packages/com.unity.probuilder/Content/Icons/Toolbar/Edge_FillHole.png
  artifactKey: Guid(8af90ff5f51264541a5c2a2b24b3d0bf) Importer(815301076,1909f56bfc062723c751e8b465ee728b)
Start importing Packages/com.unity.probuilder/Content/Icons/Toolbar/Edge_FillHole.png using Guid(8af90ff5f51264541a5c2a2b24b3d0bf) Importer(815301076,1909f56bfc062723c751e8b465ee728b)  -> (artifact id: 'ed4d4654b0e1a6afae48147cfb4ca6e2') in 0.012875 seconds 
========================================================================
Received Import Request.
  Time since last request: 0.030512 seconds.
  path: Packages/com.unity.probuilder/Content/Icons/Tools/EditShape@2x_Over.png
  artifactKey: Guid(0fbd5def79f3e8f4ab18307813ce1cbe) Importer(815301076,1909f56bfc062723c751e8b465ee728b)
Start importing Packages/com.unity.probuilder/Content/Icons/Tools/EditShape@2x_Over.png using Guid(0fbd5def79f3e8f4ab18307813ce1cbe) Importer(815301076,1909f56bfc062723c751e8b465ee728b)  -> (artifact id: '0fa72cfe0df46c9170086493046e69a6') in 0.016650 seconds 
========================================================================
Received Import Request.
  Time since last request: 0.000151 seconds.
  path: Packages/com.unity.probuilder/Content/Icons/Toolbar/ExtrudeFace_Individual_disabled.png
  artifactKey: Guid(d0945ff31532a4cc2adacd46c6abfc91) Importer(815301076,1909f56bfc062723c751e8b465ee728b)
Start importing Packages/com.unity.probuilder/Content/Icons/Toolbar/ExtrudeFace_Individual_disabled.png using Guid(d0945ff31532a4cc2adacd46c6abfc91) Importer(815301076,1909f56bfc062723c751e8b465ee728b)  -> (artifact id: '6303fc8dec2ab8a437467e17f95843d5') in 0.012160 seconds 
========================================================================
Received Import Request.
  Time since last request: 0.000071 seconds.
  path: Packages/com.unity.probuilder/Content/Icons/Toolbar/ExtrudeFace_FaceNormals_disabled.png
  artifactKey: Guid(504f22e2501944c509a1de50190e680e) Importer(815301076,1909f56bfc062723c751e8b465ee728b)
Start importing Packages/com.unity.probuilder/Content/Icons/Toolbar/ExtrudeFace_FaceNormals_disabled.png using Guid(504f22e2501944c509a1de50190e680e) Importer(815301076,1909f56bfc062723c751e8b465ee728b)  -> (artifact id: '3b651f6a476470cced9ca0e73f0a4b0e') in 0.020002 seconds 
========================================================================
Received Import Request.
  Time since last request: 0.000076 seconds.
  path: Packages/com.unity.probuilder/Content/Icons/Tools/EditShape_Over.png
  artifactKey: Guid(011521d35a742354eb7300f35a98cae2) Importer(815301076,1909f56bfc062723c751e8b465ee728b)
Start importing Packages/com.unity.probuilder/Content/Icons/Tools/EditShape_Over.png using Guid(011521d35a742354eb7300f35a98cae2) Importer(815301076,1909f56bfc062723c751e8b465ee728b)  -> (artifact id: 'a7e23ab3fb7de76dee9dcf4616ade26b') in 0.014434 seconds 
========================================================================
Received Import Request.
  Time since last request: 0.000089 seconds.
  path: Packages/com.unity.probuilder/Content/Icons/Toolbar/ExtrudeFace_VertexNormals_disabled.png
  artifactKey: Guid(73806305a4e494c60aabf8cb0b4bf5e0) Importer(815301076,1909f56bfc062723c751e8b465ee728b)
Start importing Packages/com.unity.probuilder/Content/Icons/Toolbar/ExtrudeFace_VertexNormals_disabled.png using Guid(73806305a4e494c60aabf8cb0b4bf5e0) Importer(815301076,1909f56bfc062723c751e8b465ee728b)  -> (artifact id: 'aca4085472c7acccdd0eafdc69322f57') in 0.012606 seconds 
========================================================================
Received Import Request.
  Time since last request: 0.000089 seconds.
  path: Packages/com.unity.probuilder/Content/Icons/Toolbar/ExtrudeFace_VertexNormals.png
  artifactKey: Guid(43ec922af57f445fab34eb16c76ee135) Importer(815301076,1909f56bfc062723c751e8b465ee728b)
Start importing Packages/com.unity.probuilder/Content/Icons/Toolbar/ExtrudeFace_VertexNormals.png using Guid(43ec922af57f445fab34eb16c76ee135) Importer(815301076,1909f56bfc062723c751e8b465ee728b)  -> (artifact id: '90175da17751c6dfc7b54651c499c0a4') in 0.013579 seconds 
========================================================================
Received Import Request.
  Time since last request: 0.000126 seconds.
  path: Packages/com.unity.probuilder/Content/Icons/Toolbar/Eye_Off.png
  artifactKey: Guid(ed0f7a8b882ee4f6abefc9996d60afc2) Importer(815301076,1909f56bfc062723c751e8b465ee728b)
Start importing Packages/com.unity.probuilder/Content/Icons/Toolbar/Eye_Off.png using Guid(ed0f7a8b882ee4f6abefc9996d60afc2) Importer(815301076,1909f56bfc062723c751e8b465ee728b)  -> (artifact id: '0ff0027ce83bc5d8fd928c2f9021b8fb') in 0.017639 seconds 
========================================================================
Received Import Request.
  Time since last request: 1.172943 seconds.
  path: Packages/com.unity.probuilder/Content/Icons/Toolbar/Eye_On_Light.png
  artifactKey: Guid(3dff706792e13044cbec81860f71fb48) Importer(815301076,1909f56bfc062723c751e8b465ee728b)
Start importing Packages/com.unity.probuilder/Content/Icons/Toolbar/Eye_On_Light.png using Guid(3dff706792e13044cbec81860f71fb48) Importer(815301076,1909f56bfc062723c751e8b465ee728b)  -> (artifact id: '3bfe9b8a22ce3dc3f2df186530a6467d') in 0.018901 seconds 
========================================================================
Received Import Request.
  Time since last request: 0.001398 seconds.
  path: Packages/com.unity.probuilder/Content/Icons/Toolbar/Face_BreakSmoothing.png
  artifactKey: Guid(530fa8faf4a75475a91594dc67b3d727) Importer(815301076,1909f56bfc062723c751e8b465ee728b)
Start importing Packages/com.unity.probuilder/Content/Icons/Toolbar/Face_BreakSmoothing.png using Guid(530fa8faf4a75475a91594dc67b3d727) Importer(815301076,1909f56bfc062723c751e8b465ee728b)  -> (artifact id: 'eb9e6e6e83564efa05cef67ce99ca92e') in 0.012064 seconds 
========================================================================
Received Import Request.
  Time since last request: 0.000081 seconds.
  path: Packages/com.unity.probuilder/Content/Icons/Toolbar/Face_ConformNormals.png
  artifactKey: Guid(414975dfc411e44d5873e1298b1badc4) Importer(815301076,1909f56bfc062723c751e8b465ee728b)
Start importing Packages/com.unity.probuilder/Content/Icons/Toolbar/Face_ConformNormals.png using Guid(414975dfc411e44d5873e1298b1badc4) Importer(815301076,1909f56bfc062723c751e8b465ee728b)  -> (artifact id: '49815bdc0ec4023abd842fc29b6726cc') in 0.011557 seconds 
========================================================================
Received Import Request.
  Time since last request: 0.073880 seconds.
  path: Packages/com.unity.probuilder/Content/Icons/Toolbar/Face_Delete_disabled.png
  artifactKey: Guid(881426ae389ce4286a6761438a81f7a9) Importer(815301076,1909f56bfc062723c751e8b465ee728b)
Start importing Packages/com.unity.probuilder/Content/Icons/Toolbar/Face_Delete_disabled.png using Guid(881426ae389ce4286a6761438a81f7a9) Importer(815301076,1909f56bfc062723c751e8b465ee728b)  -> (artifact id: '6a64351e11dd50470caacbc949058fb7') in 0.013826 seconds 
========================================================================
Received Import Request.
  Time since last request: 0.000073 seconds.
  path: Packages/com.unity.probuilder/Content/Icons/Toolbar/Face_FlipTri_disabled.png
  artifactKey: Guid(bfce4f99a83ff4a38a9f79cd9740e127) Importer(815301076,1909f56bfc062723c751e8b465ee728b)
Start importing Packages/com.unity.probuilder/Content/Icons/Toolbar/Face_FlipTri_disabled.png using Guid(bfce4f99a83ff4a38a9f79cd9740e127) Importer(815301076,1909f56bfc062723c751e8b465ee728b)  -> (artifact id: 'a77ddbee268fa8de898517edd662efe2') in 0.012423 seconds 
========================================================================
Received Import Request.
  Time since last request: 0.000080 seconds.
  path: Packages/com.unity.probuilder/Content/Icons/Toolbar/Face_FlipNormals_disabled.png
  artifactKey: Guid(737f5ea0ac9e84e078766b1d2a99b7f3) Importer(815301076,1909f56bfc062723c751e8b465ee728b)
Start importing Packages/com.unity.probuilder/Content/Icons/Toolbar/Face_FlipNormals_disabled.png using Guid(737f5ea0ac9e84e078766b1d2a99b7f3) Importer(815301076,1909f56bfc062723c751e8b465ee728b)  -> (artifact id: 'b54f58b351fd42220ccd8a7be87e87e0') in 0.011154 seconds 
========================================================================
Received Import Request.
  Time since last request: 0.000091 seconds.
  path: Packages/com.unity.probuilder/Content/Icons/Toolbar/Face_FlipTri.png
  artifactKey: Guid(8160430d66b1b46058a38d6eb90f9c5d) Importer(815301076,1909f56bfc062723c751e8b465ee728b)
Start importing Packages/com.unity.probuilder/Content/Icons/Toolbar/Face_FlipTri.png using Guid(8160430d66b1b46058a38d6eb90f9c5d) Importer(815301076,1909f56bfc062723c751e8b465ee728b)  -> (artifact id: '3351dcfd0009c0130b41df6210500519') in 0.014757 seconds 
========================================================================
Received Import Request.
  Time since last request: 0.000085 seconds.
  path: Packages/com.unity.probuilder/Content/Icons/Toolbar/Face_Merge.png
  artifactKey: Guid(9a25118aa31374ba3a5030600816a351) Importer(815301076,1909f56bfc062723c751e8b465ee728b)
Start importing Packages/com.unity.probuilder/Content/Icons/Toolbar/Face_Merge.png using Guid(9a25118aa31374ba3a5030600816a351) Importer(815301076,1909f56bfc062723c751e8b465ee728b)  -> (artifact id: '6d574c897725eeeab11e6854bc6d1277') in 0.010689 seconds 
========================================================================
Received Import Request.
  Time since last request: 0.000097 seconds.
  path: Packages/com.unity.probuilder/Content/Icons/Toolbar/Face_Detach.png
  artifactKey: Guid(335e609d01b074d95b939ad7401a2f6c) Importer(815301076,1909f56bfc062723c751e8b465ee728b)
Start importing Packages/com.unity.probuilder/Content/Icons/Toolbar/Face_Detach.png using Guid(335e609d01b074d95b939ad7401a2f6c) Importer(815301076,1909f56bfc062723c751e8b465ee728b)  -> (artifact id: '48b995a2d831924d642b6827904dfd18') in 0.018922 seconds 
========================================================================
Received Import Request.
  Time since last request: 0.000078 seconds.
  path: Packages/com.unity.probuilder/Content/Icons/Toolbar/Face_Detach_disabled.png
  artifactKey: Guid(c75e468d031474cb8bb8fa55052f571e) Importer(815301076,1909f56bfc062723c751e8b465ee728b)
Start importing Packages/com.unity.probuilder/Content/Icons/Toolbar/Face_Detach_disabled.png using Guid(c75e468d031474cb8bb8fa55052f571e) Importer(815301076,1909f56bfc062723c751e8b465ee728b)  -> (artifact id: 'e2105a960d9e9d5bf795259ef2160022') in 0.014615 seconds 
========================================================================
Received Import Request.
  Time since last request: 0.024626 seconds.
  path: Packages/com.unity.probuilder/Content/Icons/Toolbar/Face_Triangulate.png
  artifactKey: Guid(c81b119083ec94dd381aa40cfdd3384d) Importer(815301076,1909f56bfc062723c751e8b465ee728b)
Start importing Packages/com.unity.probuilder/Content/Icons/Toolbar/Face_Triangulate.png using Guid(c81b119083ec94dd381aa40cfdd3384d) Importer(815301076,1909f56bfc062723c751e8b465ee728b)  -> (artifact id: '428c7dd14154a4f63aa644e8cd190fd5') in 0.013848 seconds 
========================================================================
Received Import Request.
  Time since last request: 0.000062 seconds.
  path: Packages/com.unity.probuilder/Content/Icons/Toolbar/Background/Geo_Hover_Vertical.png
  artifactKey: Guid(c7981a40a407c43c2a395acff035ec71) Importer(815301076,1909f56bfc062723c751e8b465ee728b)
Start importing Packages/com.unity.probuilder/Content/Icons/Toolbar/Background/Geo_Hover_Vertical.png using Guid(c7981a40a407c43c2a395acff035ec71) Importer(815301076,1909f56bfc062723c751e8b465ee728b)  -> (artifact id: '6335e74f47e2faf9ce70a0ceea24e2a4') in 0.014542 seconds 
========================================================================
Received Import Request.
  Time since last request: 0.000105 seconds.
  path: Assets/TextMesh Pro/Fonts/LiberationSans.ttf
  artifactKey: Guid(e3265ab4bf004d28a9537516768c1c75) Importer(815301076,1909f56bfc062723c751e8b465ee728b)
Start importing Assets/TextMesh Pro/Fonts/LiberationSans.ttf using Guid(e3265ab4bf004d28a9537516768c1c75) Importer(815301076,1909f56bfc062723c751e8b465ee728b)  -> (artifact id: 'ac5527babf88dcb6ff38db90a2359374') in 0.742105 seconds 
========================================================================
Received Import Request.
  Time since last request: 0.000078 seconds.
  path: Packages/com.unity.probuilder/Content/Icons/Modes/Mode_Object_Light.png
  artifactKey: Guid(5983a109090b74768ae1ff37dd65b0c9) Importer(815301076,1909f56bfc062723c751e8b465ee728b)
Start importing Packages/com.unity.probuilder/Content/Icons/Modes/Mode_Object_Light.png using Guid(5983a109090b74768ae1ff37dd65b0c9) Importer(815301076,1909f56bfc062723c751e8b465ee728b)  -> (artifact id: '121969e75efb19079f366e38123547f1') in 0.009871 seconds 
========================================================================
Received Import Request.
  Time since last request: 0.000075 seconds.
  path: Packages/com.unity.probuilder/Content/Material/Textures/GridBox_Trigger.png
  artifactKey: Guid(b3fd87e2e956e41b0b43f76bb50a4934) Importer(815301076,1909f56bfc062723c751e8b465ee728b)
Start importing Packages/com.unity.probuilder/Content/Material/Textures/GridBox_Trigger.png using Guid(b3fd87e2e956e41b0b43f76bb50a4934) Importer(815301076,1909f56bfc062723c751e8b465ee728b)  -> (artifact id: '240e8433f668edb99251a39208bca612') in 0.021572 seconds 
========================================================================
Received Import Request.
  Time since last request: 0.000085 seconds.
  path: Packages/com.unity.probuilder/Content/Icons/Toolbar/Object_FlipNormals_disabled.png
  artifactKey: Guid(d2b89eba32d4e4836adfeab804053698) Importer(815301076,1909f56bfc062723c751e8b465ee728b)
Start importing Packages/com.unity.probuilder/Content/Icons/Toolbar/Object_FlipNormals_disabled.png using Guid(d2b89eba32d4e4836adfeab804053698) Importer(815301076,1909f56bfc062723c751e8b465ee728b)  -> (artifact id: '694804d70887a3d9c9d4d71b12815eef') in 0.012417 seconds 
========================================================================
Received Import Request.
  Time since last request: 0.000089 seconds.
  path: Packages/com.unity.probuilder/Content/Icons/Toolbar/Object_Export_disabled.png
  artifactKey: Guid(debe6a77aa48245eb9a87e54e3c1d3cb) Importer(815301076,1909f56bfc062723c751e8b465ee728b)
Start importing Packages/com.unity.probuilder/Content/Icons/Toolbar/Object_Export_disabled.png using Guid(debe6a77aa48245eb9a87e54e3c1d3cb) Importer(815301076,1909f56bfc062723c751e8b465ee728b)  -> (artifact id: '590d13455e33e95bfcc455e4f7dfcdaa') in 0.017492 seconds 
========================================================================
Received Import Request.
  Time since last request: 0.000079 seconds.
  path: Packages/com.unity.probuilder/Content/Icons/Toolbar/Offset_disabled.png
  artifactKey: Guid(aca75d0125fbd4d4a89b5e9126a76d20) Importer(815301076,1909f56bfc062723c751e8b465ee728b)
Start importing Packages/com.unity.probuilder/Content/Icons/Toolbar/Offset_disabled.png using Guid(aca75d0125fbd4d4a89b5e9126a76d20) Importer(815301076,1909f56bfc062723c751e8b465ee728b)  -> (artifact id: 'ca64e62c419353f61ed6e6eaecdb8fbe') in 0.011089 seconds 
========================================================================
Received Import Request.
  Time since last request: 0.000076 seconds.
  path: Packages/com.unity.probuilder/Content/Icons/Toolbar/Object_ProBuilderize.png
  artifactKey: Guid(aa758a88ed4a5404fa8b0827990c1469) Importer(815301076,1909f56bfc062723c751e8b465ee728b)
Start importing Packages/com.unity.probuilder/Content/Icons/Toolbar/Object_ProBuilderize.png using Guid(aa758a88ed4a5404fa8b0827990c1469) Importer(815301076,1909f56bfc062723c751e8b465ee728b)  -> (artifact id: '8555a377a9488a080185de224c35551d') in 0.015169 seconds 
========================================================================
Received Import Request.
  Time since last request: 0.000069 seconds.
  path: Packages/com.unity.probuilder/Content/Icons/UVEditor/ProBuilderGUI_UV_ShowTexture_On.png
  artifactKey: Guid(5a6dc9461316c413b909911cc5d9f136) Importer(815301076,1909f56bfc062723c751e8b465ee728b)
Start importing Packages/com.unity.probuilder/Content/Icons/UVEditor/ProBuilderGUI_UV_ShowTexture_On.png using Guid(5a6dc9461316c413b909911cc5d9f136) Importer(815301076,1909f56bfc062723c751e8b465ee728b)  -> (artifact id: 'cf5ff022b93df83904b2c5c4cfee1a77') in 0.017126 seconds 
========================================================================
Received Import Request.
  Time since last request: 0.000098 seconds.
  path: Assets/ModularFirstPersonController/DemoScene/Gridbox Prototype Materials/Resources/Textures/Prototype Grid/prototype_512x512_brown.png
  artifactKey: Guid(3c227d230cca14c42822692b6aff3459) Importer(815301076,1909f56bfc062723c751e8b465ee728b)
Start importing Assets/ModularFirstPersonController/DemoScene/Gridbox Prototype Materials/Resources/Textures/Prototype Grid/prototype_512x512_brown.png using Guid(3c227d230cca14c42822692b6aff3459) Importer(815301076,1909f56bfc062723c751e8b465ee728b)  -> (artifact id: '42290e5fd0e8f4de638d7b3155ac9e56') in 0.015834 seconds 
========================================================================
Received Import Request.
  Time since last request: 0.000112 seconds.
  path: Packages/com.unity.probuilder/Content/Icons/UVEditor/ProBuilderGUI_UV_ShowTexture_Off.png
  artifactKey: Guid(dbb4b574fd7ee40eb876528351e6f9ad) Importer(815301076,1909f56bfc062723c751e8b465ee728b)
Start importing Packages/com.unity.probuilder/Content/Icons/UVEditor/ProBuilderGUI_UV_ShowTexture_Off.png using Guid(dbb4b574fd7ee40eb876528351e6f9ad) Importer(815301076,1909f56bfc062723c751e8b465ee728b)  -> (artifact id: '12b8d1f6a2e6251452e913035a9e0615') in 0.015951 seconds 
========================================================================
Received Import Request.
  Time since last request: 0.000084 seconds.
  path: Packages/com.unity.probuilder/Content/Icons/Toolbar/Mode_Vert.png
  artifactKey: Guid(550d1cbeeb52b4f8694139628f2604ef) Importer(815301076,1909f56bfc062723c751e8b465ee728b)
Start importing Packages/com.unity.probuilder/Content/Icons/Toolbar/Mode_Vert.png using Guid(550d1cbeeb52b4f8694139628f2604ef) Importer(815301076,1909f56bfc062723c751e8b465ee728b)  -> (artifact id: '3b6f5ce273191cc2cebef14d403b9e93') in 0.015107 seconds 
========================================================================
Received Import Request.
  Time since last request: 0.000072 seconds.
  path: Packages/com.unity.probuilder/Content/Icons/Toolbar/Background/RoundedRect_Hover_Blue.png
  artifactKey: Guid(b1125a794934140a0920919da7685416) Importer(815301076,1909f56bfc062723c751e8b465ee728b)
Start importing Packages/com.unity.probuilder/Content/Icons/Toolbar/Background/RoundedRect_Hover_Blue.png using Guid(b1125a794934140a0920919da7685416) Importer(815301076,1909f56bfc062723c751e8b465ee728b)  -> (artifact id: '5eb826104ba3c8417f3d61df06953888') in 0.026073 seconds 
========================================================================
Received Import Request.
  Time since last request: 0.000094 seconds.
  path: Assets/ModularFirstPersonController/DemoScene/Gridbox Prototype Materials/Resources/Textures/Prototype Grid/prototype_512x512_yellow.png
  artifactKey: Guid(ee12d2bc9f5c8554d97d5beb9dc4b275) Importer(815301076,1909f56bfc062723c751e8b465ee728b)
Start importing Assets/ModularFirstPersonController/DemoScene/Gridbox Prototype Materials/Resources/Textures/Prototype Grid/prototype_512x512_yellow.png using Guid(ee12d2bc9f5c8554d97d5beb9dc4b275) Importer(815301076,1909f56bfc062723c751e8b465ee728b)  -> (artifact id: 'a074eb5b6ef7b21f2e20a79e68c805fe') in 0.014088 seconds 
========================================================================
Received Import Request.
  Time since last request: 0.000124 seconds.
  path: Assets/ModularFirstPersonController/DemoScene/Gridbox Prototype Materials/Resources/Textures/Prototype Grid/prototype_512x512_purple.png
  artifactKey: Guid(aa0c741df9dd8634c8d84fd9ba2b0e3d) Importer(815301076,1909f56bfc062723c751e8b465ee728b)
Start importing Assets/ModularFirstPersonController/DemoScene/Gridbox Prototype Materials/Resources/Textures/Prototype Grid/prototype_512x512_purple.png using Guid(aa0c741df9dd8634c8d84fd9ba2b0e3d) Importer(815301076,1909f56bfc062723c751e8b465ee728b)  -> (artifact id: '677382597431a92f84a0df7ce5f9b7d3') in 0.017451 seconds 
========================================================================
Received Import Request.
  Time since last request: 0.000146 seconds.
  path: Packages/com.unity.probuilder/Content/Icons/Toolbar/Offset.png
  artifactKey: Guid(80e67fafea209ad4aa1459b80c8db968) Importer(815301076,1909f56bfc062723c751e8b465ee728b)
Start importing Packages/com.unity.probuilder/Content/Icons/Toolbar/Offset.png using Guid(80e67fafea209ad4aa1459b80c8db968) Importer(815301076,1909f56bfc062723c751e8b465ee728b)  -> (artifact id: 'eadfa83171ff56aeeef4e3874bf48bf2') in 0.009804 seconds 
========================================================================
Received Import Request.
  Time since last request: 0.000167 seconds.
  path: Packages/com.unity.probuilder/Content/Icons/UVEditor/ProBuilderGUI_UV_Manip_On.png
  artifactKey: Guid(eb541c72b12c34a2d8ddadcb283b889e) Importer(815301076,1909f56bfc062723c751e8b465ee728b)
Start importing Packages/com.unity.probuilder/Content/Icons/UVEditor/ProBuilderGUI_UV_Manip_On.png using Guid(eb541c72b12c34a2d8ddadcb283b889e) Importer(815301076,1909f56bfc062723c751e8b465ee728b)  -> (artifact id: '4c61345f356ed1cf8e7b53846624bd25') in 0.013724 seconds 
========================================================================
Received Import Request.
  Time since last request: 0.000101 seconds.
  path: Assets/ModularFirstPersonController/DemoScene/Gridbox Prototype Materials/Resources/Textures/Prototype Grid/prototype_512x512_blue2.png
  artifactKey: Guid(17198718c5735204999fb13dc36e290f) Importer(815301076,1909f56bfc062723c751e8b465ee728b)
Start importing Assets/ModularFirstPersonController/DemoScene/Gridbox Prototype Materials/Resources/Textures/Prototype Grid/prototype_512x512_blue2.png using Guid(17198718c5735204999fb13dc36e290f) Importer(815301076,1909f56bfc062723c751e8b465ee728b)  -> (artifact id: 'b3962d80b7c83a5d41ef4106566a95b6') in 0.013206 seconds 
========================================================================
Received Import Request.
  Time since last request: 0.000112 seconds.
  path: Packages/com.unity.probuilder/Content/Icons/Modes/Mode_Object_Light@2x.png
  artifactKey: Guid(7ec50ad479ddc954e86348e5b760deda) Importer(815301076,1909f56bfc062723c751e8b465ee728b)
Start importing Packages/com.unity.probuilder/Content/Icons/Modes/Mode_Object_Light@2x.png using Guid(7ec50ad479ddc954e86348e5b760deda) Importer(815301076,1909f56bfc062723c751e8b465ee728b)  -> (artifact id: '38a1ac46d961ec67f5ab34a447c0ab08') in 0.013782 seconds 
========================================================================
Received Import Request.
  Time since last request: 0.000086 seconds.
  path: Packages/com.unity.probuilder/Content/Icons/Toolbar/Object_GenerateUV2_disabled.png
  artifactKey: Guid(0e31e246654f24922a061e6bd9675d9c) Importer(815301076,1909f56bfc062723c751e8b465ee728b)
Start importing Packages/com.unity.probuilder/Content/Icons/Toolbar/Object_GenerateUV2_disabled.png using Guid(0e31e246654f24922a061e6bd9675d9c) Importer(815301076,1909f56bfc062723c751e8b465ee728b)  -> (artifact id: '04b67e377a56ec5afaa8bc804de4f457') in 0.012054 seconds 
========================================================================
Received Import Request.
  Time since last request: 0.000064 seconds.
  path: Assets/ModularFirstPersonController/DemoScene/Gridbox Prototype Materials/Resources/Textures/Prototype Grid/prototype_512x512_blue1.png
  artifactKey: Guid(44cced520ecfd9f4292979a4fe8268c4) Importer(815301076,1909f56bfc062723c751e8b465ee728b)
Start importing Assets/ModularFirstPersonController/DemoScene/Gridbox Prototype Materials/Resources/Textures/Prototype Grid/prototype_512x512_blue1.png using Guid(44cced520ecfd9f4292979a4fe8268c4) Importer(815301076,1909f56bfc062723c751e8b465ee728b)  -> (artifact id: 'bd586ecc1ef5d414037c403662a7d2b4') in 0.015881 seconds 
========================================================================
Received Import Request.
  Time since last request: 0.000094 seconds.
  path: Packages/com.unity.probuilder/Content/Icons/Toolbar/Object_GenerateUV2.png
  artifactKey: Guid(b389d16e3ce0e48289e8533dbc39bba8) Importer(815301076,1909f56bfc062723c751e8b465ee728b)
Start importing Packages/com.unity.probuilder/Content/Icons/Toolbar/Object_GenerateUV2.png using Guid(b389d16e3ce0e48289e8533dbc39bba8) Importer(815301076,1909f56bfc062723c751e8b465ee728b)  -> (artifact id: '03789883a0d43640961945ddfbc1b967') in 0.012278 seconds 
========================================================================
Received Import Request.
  Time since last request: 0.000074 seconds.
  path: Assets/ModularFirstPersonController/DemoScene/Gridbox Prototype Materials/Resources/Textures/Prototype Grid/prototype_512x512_orange.png
  artifactKey: Guid(fe3e0a556829be24bb87c912d79e872d) Importer(815301076,1909f56bfc062723c751e8b465ee728b)
Start importing Assets/ModularFirstPersonController/DemoScene/Gridbox Prototype Materials/Resources/Textures/Prototype Grid/prototype_512x512_orange.png using Guid(fe3e0a556829be24bb87c912d79e872d) Importer(815301076,1909f56bfc062723c751e8b465ee728b)  -> (artifact id: '295d427f745a7e318dd3f263afc5a8b1') in 0.014293 seconds 
========================================================================
Received Import Request.
  Time since last request: 0.000090 seconds.
  path: Assets/ModularFirstPersonController/DemoScene/Gridbox Prototype Materials/Resources/Textures/Prototype Grid/prototype_512x512_grey3.png
  artifactKey: Guid(d9c0dd5cdac07b145be73329e489869a) Importer(815301076,1909f56bfc062723c751e8b465ee728b)
Start importing Assets/ModularFirstPersonController/DemoScene/Gridbox Prototype Materials/Resources/Textures/Prototype Grid/prototype_512x512_grey3.png using Guid(d9c0dd5cdac07b145be73329e489869a) Importer(815301076,1909f56bfc062723c751e8b465ee728b)  -> (artifact id: 'bc0c1ac0d200cdfe814b8b536b4c1b8d') in 0.015045 seconds 
========================================================================
Received Import Request.
  Time since last request: 0.000109 seconds.
  path: Assets/ModularFirstPersonController/DemoScene/Gridbox Prototype Materials/Resources/Textures/Prototype Grid/prototype_512x512_grey1.png
  artifactKey: Guid(dd29f35641da38647a1eeb1028211f1a) Importer(815301076,1909f56bfc062723c751e8b465ee728b)
Start importing Assets/ModularFirstPersonController/DemoScene/Gridbox Prototype Materials/Resources/Textures/Prototype Grid/prototype_512x512_grey1.png using Guid(dd29f35641da38647a1eeb1028211f1a) Importer(815301076,1909f56bfc062723c751e8b465ee728b)  -> (artifact id: '5edfa4eb4ef322834b356cc53c0f9bcc') in 0.015867 seconds 
========================================================================
Received Import Request.
  Time since last request: 0.000098 seconds.
  path: Assets/ModularFirstPersonController/DemoScene/Gridbox Prototype Materials/Resources/Textures/Prototype Grid/prototype_512x512_green1.png
  artifactKey: Guid(4967dfcee94bddd4ba1430cb6fa1f304) Importer(815301076,1909f56bfc062723c751e8b465ee728b)
Start importing Assets/ModularFirstPersonController/DemoScene/Gridbox Prototype Materials/Resources/Textures/Prototype Grid/prototype_512x512_green1.png using Guid(4967dfcee94bddd4ba1430cb6fa1f304) Importer(815301076,1909f56bfc062723c751e8b465ee728b)  -> (artifact id: 'ddb21bba936d0a229a625ce4c49f58d1') in 0.014897 seconds 
========================================================================
Received Import Request.
  Time since last request: 0.000090 seconds.
  path: Packages/com.unity.probuilder/Content/Icons/Toolbar/Object_Subdivide_disabled.png
  artifactKey: Guid(4a239944eb900466eba405e00fba39be) Importer(815301076,1909f56bfc062723c751e8b465ee728b)
Start importing Packages/com.unity.probuilder/Content/Icons/Toolbar/Object_Subdivide_disabled.png using Guid(4a239944eb900466eba405e00fba39be) Importer(815301076,1909f56bfc062723c751e8b465ee728b)  -> (artifact id: '98878290d54c03153390e027b6c7d759') in 0.016720 seconds 
========================================================================
Received Import Request.
  Time since last request: 0.000088 seconds.
  path: Packages/com.unity.probuilder/Content/Icons/Toolbar/Pivot_DirectEdit.png
  artifactKey: Guid(1fb428ccc95fd406e89e0777f619cf2d) Importer(815301076,1909f56bfc062723c751e8b465ee728b)
Start importing Packages/com.unity.probuilder/Content/Icons/Toolbar/Pivot_DirectEdit.png using Guid(1fb428ccc95fd406e89e0777f619cf2d) Importer(815301076,1909f56bfc062723c751e8b465ee728b)  -> (artifact id: '8e080f709dde34603a4274cebe9d6fe9') in 0.011199 seconds 
========================================================================
Received Import Request.
  Time since last request: 0.000103 seconds.
  path: Packages/com.unity.probuilder/Content/Icons/Tools/ShapeTool/on/Plane@2x.png
  artifactKey: Guid(d0547ede8cffa4d46bc206b106e18bd7) Importer(815301076,1909f56bfc062723c751e8b465ee728b)
Start importing Packages/com.unity.probuilder/Content/Icons/Tools/ShapeTool/on/Plane@2x.png using Guid(d0547ede8cffa4d46bc206b106e18bd7) Importer(815301076,1909f56bfc062723c751e8b465ee728b)  -> (artifact id: '7da3457f72fa550e74804def87f6f70c') in 0.019660 seconds 
========================================================================
Received Import Request.
  Time since last request: 0.000096 seconds.
  path: Packages/com.unity.probuilder/Content/Icons/Toolbar/Pivot_Reset_disabled.png
  artifactKey: Guid(cc4d84aa3336c4f31ab4948641fffe9e) Importer(815301076,1909f56bfc062723c751e8b465ee728b)
Start importing Packages/com.unity.probuilder/Content/Icons/Toolbar/Pivot_Reset_disabled.png using Guid(cc4d84aa3336c4f31ab4948641fffe9e) Importer(815301076,1909f56bfc062723c751e8b465ee728b)  -> (artifact id: 'c888cfb379054ae715f751d48a0543f6') in 0.012129 seconds 
========================================================================
Received Import Request.
  Time since last request: 0.000144 seconds.
  path: Packages/com.unity.probuilder/Content/Icons/Toolbar/Panel_Materials.png
  artifactKey: Guid(130b88294a9d04f8198229adfbce3c2c) Importer(815301076,1909f56bfc062723c751e8b465ee728b)
Start importing Packages/com.unity.probuilder/Content/Icons/Toolbar/Panel_Materials.png using Guid(130b88294a9d04f8198229adfbce3c2c) Importer(815301076,1909f56bfc062723c751e8b465ee728b)  -> (artifact id: 'a7db438ed8482040f590e934a28d0c9f') in 0.012242 seconds 
========================================================================
Received Import Request.
  Time since last request: 0.000095 seconds.
  path: Packages/com.unity.probuilder/Content/Icons/Tools/ShapeTool/Pipe.png
  artifactKey: Guid(7bf996e695227ef46b77e3ad313890e5) Importer(815301076,1909f56bfc062723c751e8b465ee728b)
Start importing Packages/com.unity.probuilder/Content/Icons/Tools/ShapeTool/Pipe.png using Guid(7bf996e695227ef46b77e3ad313890e5) Importer(815301076,1909f56bfc062723c751e8b465ee728b)  -> (artifact id: '25c8593311c9e375a1a4368c2e89a76d') in 0.011808 seconds 
========================================================================
Received Import Request.
  Time since last request: 0.000102 seconds.
  path: Packages/com.unity.probuilder/Content/Icons/Toolbar/Panel_Smoothing.png
  artifactKey: Guid(cdf1fb390ba0745ff99b8f37be0803e6) Importer(815301076,1909f56bfc062723c751e8b465ee728b)
Start importing Packages/com.unity.probuilder/Content/Icons/Toolbar/Panel_Smoothing.png using Guid(cdf1fb390ba0745ff99b8f37be0803e6) Importer(815301076,1909f56bfc062723c751e8b465ee728b)  -> (artifact id: 'b6a677d54624de369081a6ff33d48f2f') in 0.013471 seconds 
========================================================================
Received Import Request.
  Time since last request: 0.000088 seconds.
  path: Packages/com.unity.probuilder/Content/Icons/Toolbar/Pivot_Reset.png
  artifactKey: Guid(9e66b04a800d04546940b09710d86b8e) Importer(815301076,1909f56bfc062723c751e8b465ee728b)
Start importing Packages/com.unity.probuilder/Content/Icons/Toolbar/Pivot_Reset.png using Guid(9e66b04a800d04546940b09710d86b8e) Importer(815301076,1909f56bfc062723c751e8b465ee728b)  -> (artifact id: 'c36295845b8484ee4ca4a5d73462f71e') in 0.016055 seconds 
========================================================================
Received Import Request.
  Time since last request: 0.000105 seconds.
  path: Packages/com.unity.probuilder/Content/Icons/Tools/ShapeTool/on/Plane.png
  artifactKey: Guid(7dc4e94724f8b614aae18a2cd169afe3) Importer(815301076,1909f56bfc062723c751e8b465ee728b)
Start importing Packages/com.unity.probuilder/Content/Icons/Tools/ShapeTool/on/Plane.png using Guid(7dc4e94724f8b614aae18a2cd169afe3) Importer(815301076,1909f56bfc062723c751e8b465ee728b)  -> (artifact id: '75bf4e7b263881ebf6e88f5105d90654') in 0.014255 seconds 
========================================================================
Received Import Request.
  Time since last request: 0.000134 seconds.
  path: Packages/com.unity.probuilder/Content/Icons/Tools/ShapeTool/Plane.png
  artifactKey: Guid(1c5b74f98e6f09b44b0e980230e9e592) Importer(815301076,1909f56bfc062723c751e8b465ee728b)
Start importing Packages/com.unity.probuilder/Content/Icons/Tools/ShapeTool/Plane.png using Guid(1c5b74f98e6f09b44b0e980230e9e592) Importer(815301076,1909f56bfc062723c751e8b465ee728b)  -> (artifact id: '969674bf88595f4836c6d2ad548060ad') in 0.011098 seconds 
========================================================================
Received Import Request.
  Time since last request: 0.000065 seconds.
  path: Packages/com.unity.probuilder/Content/Icons/Toolbar/Panel_VertColors.png
  artifactKey: Guid(cfa793a5b357642bf83fa6888ee18e76) Importer(815301076,1909f56bfc062723c751e8b465ee728b)
Start importing Packages/com.unity.probuilder/Content/Icons/Toolbar/Panel_VertColors.png using Guid(cfa793a5b357642bf83fa6888ee18e76) Importer(815301076,1909f56bfc062723c751e8b465ee728b)  -> (artifact id: '784e13aff055ced5dd3e179ca04b7022') in 0.019617 seconds 
Editor requested this worker to shutdown with reason: Scaling down because of idle timeout
AssetImportWorker is now disconnected from the server
Process exiting
