Unity Editor version:    2021.3.16f1 (4016570cf34f)
Branch:                  2021.3/staging
Build type:              Release
Batch mode:              YES
macOS version:           Version 10.15.7 (Build 19H1713)
Darwin version:          19.6.0
Architecture:            x86_64
Running under Rosetta:   NO
Available memory:        8192 MB
Using pre-set license
Pro License: YES

COMMAND LINE ARGUMENTS:
/Applications/Unity/Hub/Editor/2021.3.16f1/Unity.app/Contents/MacOS/Unity
-adb2
-batchMode
-noUpm
-name
AssetImportWorker3
-projectPath
/Users/mac-pro/Desktop/Cart315/CART315_Unity2/C2
-logFile
Logs/AssetImportWorker3.log
-srvPort
50392
Successfully changed project path to: /Users/mac-pro/Desktop/Cart315/CART315_Unity2/C2
/Users/mac-pro/Desktop/Cart315/CART315_Unity2/C2
[UnityMemory] Configuration Parameters - Can be set up in boot.config
    "memorysetup-bucket-allocator-granularity=16"
    "memorysetup-bucket-allocator-bucket-count=8"
    "memorysetup-bucket-allocator-block-size=33554432"
    "memorysetup-bucket-allocator-block-count=8"
    "memorysetup-main-allocator-block-size=16777216"
    "memorysetup-thread-allocator-block-size=16777216"
    "memorysetup-gfx-main-allocator-block-size=16777216"
    "memorysetup-gfx-thread-allocator-block-size=16777216"
    "memorysetup-cache-allocator-block-size=4194304"
    "memorysetup-typetree-allocator-block-size=2097152"
    "memorysetup-profiler-bucket-allocator-granularity=16"
    "memorysetup-profiler-bucket-allocator-bucket-count=8"
    "memorysetup-profiler-bucket-allocator-block-size=33554432"
    "memorysetup-profiler-bucket-allocator-block-count=8"
    "memorysetup-profiler-allocator-block-size=16777216"
    "memorysetup-profiler-editor-allocator-block-size=1048576"
    "memorysetup-temp-allocator-size-main=16777216"
    "memorysetup-job-temp-allocator-block-size=2097152"
    "memorysetup-job-temp-allocator-block-size-background=1048576"
    "memorysetup-job-temp-allocator-reduction-small-platforms=262144"
    "memorysetup-temp-allocator-size-background-worker=32768"
    "memorysetup-temp-allocator-size-job-worker=262144"
    "memorysetup-temp-allocator-size-preload-manager=33554432"
    "memorysetup-temp-allocator-size-nav-mesh-worker=65536"
    "memorysetup-temp-allocator-size-audio-worker=65536"
    "memorysetup-temp-allocator-size-cloud-worker=32768"
    "memorysetup-temp-allocator-size-gi-baking-worker=262144"
    "memorysetup-temp-allocator-size-gfx=262144"
Player connection [4748111296] Host "[IP] 172.30.87.91 [Port] 0 [Flags] 2 [Guid] 55870683 [EditorId] 55870683 [Version] 1048832 [Id] OSXEditor(0,mbp-de-pro.wireless.concordia.ca) [Debug] 1 [PackageName] OSXEditor [ProjectName] Editor" joined multi-casting on [225.0.0.222:54997]...

Player connection [4748111296] Host "[IP] 172.30.87.91 [Port] 0 [Flags] 2 [Guid] 55870683 [EditorId] 55870683 [Version] 1048832 [Id] OSXEditor(0,mbp-de-pro.wireless.concordia.ca) [Debug] 1 [PackageName] OSXEditor [ProjectName] Editor" joined alternative multi-casting on [225.0.0.222:34997]...

Refreshing native plugins compatible for Editor in 214.19 ms, found 2 plugins.
Preloading 0 native plugins for Editor in 0.00 ms.
Initialize engine version: 2021.3.16f1 (4016570cf34f)
[Subsystems] Discovering subsystems at path /Applications/Unity/Hub/Editor/2021.3.16f1/Unity.app/Contents/Resources/UnitySubsystems
[Subsystems] Discovering subsystems at path /Users/mac-pro/Desktop/Cart315/CART315_Unity2/C2/Assets
GfxDevice: creating device client; threaded=0; jobified=0
Color LCD preferred device: NVIDIA GeForce GT 650M (high power)
Metal devices available: 2
0: NVIDIA GeForce GT 650M (high power)
1: Intel HD Graphics 4000 (low power)
Using device NVIDIA GeForce GT 650M (high power)
Initializing Metal device caps: NVIDIA GeForce GT 650M
Initialize mono
Mono path[0] = '/Applications/Unity/Hub/Editor/2021.3.16f1/Unity.app/Contents/Managed'
Mono path[1] = '/Applications/Unity/Hub/Editor/2021.3.16f1/Unity.app/Contents/MonoBleedingEdge/lib/mono/unityjit-macos'
Mono config path = '/Applications/Unity/Hub/Editor/2021.3.16f1/Unity.app/Contents/MonoBleedingEdge/etc'
Using monoOptions --debugger-agent=transport=dt_socket,embedding=1,server=y,suspend=n,address=127.0.0.1:56937
Begin MonoManager ReloadAssembly
Registering precompiled unity dll's ...
Register platform support module: /Applications/Unity/Hub/Editor/2021.3.16f1/Unity.app/Contents/PlaybackEngines/MacStandaloneSupport/UnityEditor.OSXStandalone.Extensions.dll
Registered in 0.005285 seconds.
Native extension for OSXStandalone target not found
Refreshing native plugins compatible for Editor in 215.07 ms, found 2 plugins.
Preloading 0 native plugins for Editor in 0.00 ms.
Mono: successfully reloaded assembly
- Completed reload, in  2.221 seconds
Domain Reload Profiling:
	ReloadAssembly (2222ms)
		BeginReloadAssembly (266ms)
			ExecutionOrderSort (0ms)
			DisableScriptedObjects (0ms)
			BackupInstance (0ms)
			ReleaseScriptingObjects (0ms)
			CreateAndSetChildDomain (3ms)
		EndReloadAssembly (1556ms)
			LoadAssemblies (265ms)
			RebuildTransferFunctionScriptingTraits (0ms)
			SetupTypeCache (410ms)
			ReleaseScriptCaches (0ms)
			RebuildScriptCaches (125ms)
			SetupLoadedEditorAssemblies (890ms)
				LogAssemblyErrors (0ms)
				InitializePlatformSupportModulesInManaged (25ms)
				SetLoadedEditorAssemblies (1ms)
				RefreshPlugins (215ms)
				BeforeProcessingInitializeOnLoad (4ms)
				ProcessInitializeOnLoadAttributes (519ms)
				ProcessInitializeOnLoadMethodAttributes (126ms)
				AfterProcessingInitializeOnLoad (0ms)
				EditorAssembliesLoaded (0ms)
			ExecutionOrderSort2 (0ms)
			AwakeInstancesAfterBackupRestoration (0ms)
Platform modules already initialized, skipping
Registering precompiled user dll's ...
Registered in 0.016320 seconds.
Begin MonoManager ReloadAssembly
Symbol file LoadedFromMemory doesn't match image /Users/mac-pro/Desktop/Cart315/CART315_Unity2/C2/Library/PackageCache/com.unity.visualscripting@1.7.8/Editor/VisualScripting.Core/Dependencies/YamlDotNet/Unity.VisualScripting.YamlDotNet.dll
Symbol file LoadedFromMemory doesn't match image /Users/mac-pro/Desktop/Cart315/CART315_Unity2/C2/Library/PackageCache/com.unity.visualscripting@1.7.8/Editor/VisualScripting.Core/Dependencies/DotNetZip/Unity.VisualScripting.IonicZip.dll
Native extension for OSXStandalone target not found
Refreshing native plugins compatible for Editor in 1.41 ms, found 2 plugins.
Preloading 0 native plugins for Editor in 0.00 ms.
Mono: successfully reloaded assembly
- Completed reload, in  2.905 seconds
Domain Reload Profiling:
	ReloadAssembly (2906ms)
		BeginReloadAssembly (385ms)
			ExecutionOrderSort (0ms)
			DisableScriptedObjects (14ms)
			BackupInstance (0ms)
			ReleaseScriptingObjects (0ms)
			CreateAndSetChildDomain (66ms)
		EndReloadAssembly (2121ms)
			LoadAssemblies (450ms)
			RebuildTransferFunctionScriptingTraits (0ms)
			SetupTypeCache (724ms)
			ReleaseScriptCaches (3ms)
			RebuildScriptCaches (134ms)
			SetupLoadedEditorAssemblies (843ms)
				LogAssemblyErrors (0ms)
				InitializePlatformSupportModulesInManaged (8ms)
				SetLoadedEditorAssemblies (1ms)
				RefreshPlugins (1ms)
				BeforeProcessingInitializeOnLoad (166ms)
				ProcessInitializeOnLoadAttributes (602ms)
				ProcessInitializeOnLoadMethodAttributes (61ms)
				AfterProcessingInitializeOnLoad (3ms)
				EditorAssembliesLoaded (0ms)
			ExecutionOrderSort2 (0ms)
			AwakeInstancesAfterBackupRestoration (9ms)
Platform modules already initialized, skipping
========================================================================
Worker process is ready to serve import requests
Launching external process: /Applications/Unity/Hub/Editor/2021.3.16f1/Unity.app/Contents/Tools/UnityShaderCompiler
Launched and connected shader compiler UnityShaderCompiler after 0.08 seconds
Refreshing native plugins compatible for Editor in 1.11 ms, found 2 plugins.
Preloading 0 native plugins for Editor in 0.00 ms.
Unloading 3755 Unused Serialized files (Serialized files now loaded: 0)
Unloading 29 unused Assets / (109.5 KB). Loaded Objects now: 4235.
Memory consumption went from 145.5 MB to 145.4 MB.
Total: 5.768164 ms (FindLiveObjects: 0.409586 ms CreateObjectMapping: 0.383597 ms MarkObjects: 4.694175 ms  DeleteObjects: 0.279144 ms)

AssetImportParameters requested are different than current active one (requested -> active):
  custom:video-decoder-ogg-theora: a1e56fd34408186e4bbccfd4996cb3dc -> 
  custom:container-muxer-webm: aa71ff27fc2769a1b78a27578f13a17b -> 
  custom:container-demuxer-webm: 4f35f7cbe854078d1ac9338744f61a02 -> 
  custom:video-encoder-webm-vp8: eb34c28f22e8b96e1ab97ce403110664 -> 
  custom:framework-osx-AVFoundation: b23960f63f64bdc6ff669e2cdcee2391 -> 
  custom:audio-encoder-webm-vorbis: bf7c407c2cedff20999df2af8eb42d56 -> 
  custom:container-demuxer-ogg: 62fdf1f143b41e24485cea50d1cbac27 -> 
  custom:video-decoder-webm-vp8: 9c59270c3fd7afecdb556c50c9e8de78 -> 
  custom:audio-decoder-ogg-vorbis: bf7c407c2cedff20999df2af8eb42d56 -> 
========================================================================
Received Import Request.
  Time since last request: 120014.541026 seconds.
  path: Assets/Jonathan Foust/Meshes/Blood Chute_1.fbx
  artifactKey: Guid(255fb9feecd82e64eb9d8924594227ee) Importer(815301076,1909f56bfc062723c751e8b465ee728b)
Start importing Assets/Jonathan Foust/Meshes/Blood Chute_1.fbx using Guid(255fb9feecd82e64eb9d8924594227ee) Importer(815301076,1909f56bfc062723c751e8b465ee728b)  -> (artifact id: '6715ccfd3abafe75ec23b185d7a0d84c') in 2.028430 seconds 
========================================================================
Received Import Request.
  Time since last request: 0.000132 seconds.
  path: Assets/Jonathan Foust/Meshes/Blood Chute_4.fbx
  artifactKey: Guid(875209e3644450045908479a9c0483a7) Importer(815301076,1909f56bfc062723c751e8b465ee728b)
Start importing Assets/Jonathan Foust/Meshes/Blood Chute_4.fbx using Guid(875209e3644450045908479a9c0483a7) Importer(815301076,1909f56bfc062723c751e8b465ee728b)  -> (artifact id: 'bed4edce4d3567f46cc11c78e9a98eee') in 0.541064 seconds 
========================================================================
Received Import Request.
  Time since last request: 0.000075 seconds.
  path: Assets/Jonathan Foust/Meshes/Day Aresha Bush_4.fbx
  artifactKey: Guid(62339eade032ffc41a418323c6633078) Importer(815301076,1909f56bfc062723c751e8b465ee728b)
Start importing Assets/Jonathan Foust/Meshes/Day Aresha Bush_4.fbx using Guid(62339eade032ffc41a418323c6633078) Importer(815301076,1909f56bfc062723c751e8b465ee728b)  -> (artifact id: '1a8917510bf4189eba4bc7cb289434c0') in 0.394450 seconds 
========================================================================
Received Import Request.
  Time since last request: 0.000151 seconds.
  path: Assets/Jonathan Foust/Meshes/Blood Chute_3.fbx
  artifactKey: Guid(126b57cc7182606429e5ab6d8d667007) Importer(815301076,1909f56bfc062723c751e8b465ee728b)
Start importing Assets/Jonathan Foust/Meshes/Blood Chute_3.fbx using Guid(126b57cc7182606429e5ab6d8d667007) Importer(815301076,1909f56bfc062723c751e8b465ee728b)  -> (artifact id: '41ee544b2f0992ee984f6107320660fb') in 0.270365 seconds 
========================================================================
Received Import Request.
  Time since last request: 0.000101 seconds.
  path: Assets/Jonathan Foust/Meshes/Water Lily Flower.fbx
  artifactKey: Guid(8e3f8723af5d8194598e097a9dd1ceb1) Importer(815301076,1909f56bfc062723c751e8b465ee728b)
Start importing Assets/Jonathan Foust/Meshes/Water Lily Flower.fbx using Guid(8e3f8723af5d8194598e097a9dd1ceb1) Importer(815301076,1909f56bfc062723c751e8b465ee728b)  -> (artifact id: 'a6c1fa386be1b3ce7799d721ce0b3d22') in 0.456591 seconds 
========================================================================
Received Import Request.
  Time since last request: 0.000103 seconds.
  path: Assets/Jonathan Foust/Meshes/Vine.fbx
  artifactKey: Guid(a9d7f4d1af077854aa1045cb99e0e00b) Importer(815301076,1909f56bfc062723c751e8b465ee728b)
Start importing Assets/Jonathan Foust/Meshes/Vine.fbx using Guid(a9d7f4d1af077854aa1045cb99e0e00b) Importer(815301076,1909f56bfc062723c751e8b465ee728b)  -> (artifact id: 'ebcbb55a7d3d59d6bafc0f48ffa0187b') in 1.047665 seconds 
========================================================================
Received Import Request.
  Time since last request: 7.683260 seconds.
  path: Assets/Jonathan Foust/Meshes/Grass B_3.fbx
  artifactKey: Guid(fc29fffa40206d44eaea02b66a7d84be) Importer(815301076,1909f56bfc062723c751e8b465ee728b)
Start importing Assets/Jonathan Foust/Meshes/Grass B_3.fbx using Guid(fc29fffa40206d44eaea02b66a7d84be) Importer(815301076,1909f56bfc062723c751e8b465ee728b)  -> (artifact id: 'ae104533a398b04fb131879a38e99bc6') in 0.226529 seconds 
========================================================================
Received Import Request.
  Time since last request: 0.000128 seconds.
  path: Assets/Jonathan Foust/Meshes/Fish-Hook Kelp Bush_Radial_2.fbx
  artifactKey: Guid(ec2ce75c73ed4964d9a1ccce01f2b607) Importer(815301076,1909f56bfc062723c751e8b465ee728b)
Start importing Assets/Jonathan Foust/Meshes/Fish-Hook Kelp Bush_Radial_2.fbx using Guid(ec2ce75c73ed4964d9a1ccce01f2b607) Importer(815301076,1909f56bfc062723c751e8b465ee728b)  -> (artifact id: '516a8d58943b6b579492658e8a8db5e2') in 1.724784 seconds 
========================================================================
Received Import Request.
  Time since last request: 0.000071 seconds.
  path: Assets/Jonathan Foust/Meshes/Grass B_4.fbx
  artifactKey: Guid(38be454986c9db24dae1da212ebf2382) Importer(815301076,1909f56bfc062723c751e8b465ee728b)
Start importing Assets/Jonathan Foust/Meshes/Grass B_4.fbx using Guid(38be454986c9db24dae1da212ebf2382) Importer(815301076,1909f56bfc062723c751e8b465ee728b)  -> (artifact id: '9d539fcec5b9dd37f9c59764367063e5') in 0.055203 seconds 
Editor requested this worker to shutdown with reason: Scaling down because of idle timeout
AssetImportWorker is now disconnected from the server
Process exiting
