Unity Editor version:    2021.3.16f1 (4016570cf34f)
Branch:                  2021.3/staging
Build type:              Release
Batch mode:              YES
macOS version:           Version 10.15.7 (Build 19H1713)
Darwin version:          19.6.0
Architecture:            x86_64
Running under Rosetta:   NO
Available memory:        8192 MB
Using pre-set license
Pro License: YES

COMMAND LINE ARGUMENTS:
/Applications/Unity/Hub/Editor/2021.3.16f1/Unity.app/Contents/MacOS/Unity
-adb2
-batchMode
-noUpm
-name
AssetImportWorker2
-projectPath
/Users/mac-pro/Desktop/Cart315/CART315_Unity2/C2
-logFile
Logs/AssetImportWorker2.log
-srvPort
50392
Successfully changed project path to: /Users/mac-pro/Desktop/Cart315/CART315_Unity2/C2
/Users/mac-pro/Desktop/Cart315/CART315_Unity2/C2
[UnityMemory] Configuration Parameters - Can be set up in boot.config
    "memorysetup-bucket-allocator-granularity=16"
    "memorysetup-bucket-allocator-bucket-count=8"
    "memorysetup-bucket-allocator-block-size=33554432"
    "memorysetup-bucket-allocator-block-count=8"
    "memorysetup-main-allocator-block-size=16777216"
    "memorysetup-thread-allocator-block-size=16777216"
    "memorysetup-gfx-main-allocator-block-size=16777216"
    "memorysetup-gfx-thread-allocator-block-size=16777216"
    "memorysetup-cache-allocator-block-size=4194304"
    "memorysetup-typetree-allocator-block-size=2097152"
    "memorysetup-profiler-bucket-allocator-granularity=16"
    "memorysetup-profiler-bucket-allocator-bucket-count=8"
    "memorysetup-profiler-bucket-allocator-block-size=33554432"
    "memorysetup-profiler-bucket-allocator-block-count=8"
    "memorysetup-profiler-allocator-block-size=16777216"
    "memorysetup-profiler-editor-allocator-block-size=1048576"
    "memorysetup-temp-allocator-size-main=16777216"
    "memorysetup-job-temp-allocator-block-size=2097152"
    "memorysetup-job-temp-allocator-block-size-background=1048576"
    "memorysetup-job-temp-allocator-reduction-small-platforms=262144"
    "memorysetup-temp-allocator-size-background-worker=32768"
    "memorysetup-temp-allocator-size-job-worker=262144"
    "memorysetup-temp-allocator-size-preload-manager=33554432"
    "memorysetup-temp-allocator-size-nav-mesh-worker=65536"
    "memorysetup-temp-allocator-size-audio-worker=65536"
    "memorysetup-temp-allocator-size-cloud-worker=32768"
    "memorysetup-temp-allocator-size-gi-baking-worker=262144"
    "memorysetup-temp-allocator-size-gfx=262144"
Player connection [4443426240] Host "[IP] 172.30.87.91 [Port] 0 [Flags] 2 [Guid] 2559042992 [EditorId] 2559042992 [Version] 1048832 [Id] OSXEditor(0,mbp-de-pro.wireless.concordia.ca) [Debug] 1 [PackageName] OSXEditor [ProjectName] Editor" joined multi-casting on [225.0.0.222:54997]...

Player connection [4443426240] Host "[IP] 172.30.87.91 [Port] 0 [Flags] 2 [Guid] 2559042992 [EditorId] 2559042992 [Version] 1048832 [Id] OSXEditor(0,mbp-de-pro.wireless.concordia.ca) [Debug] 1 [PackageName] OSXEditor [ProjectName] Editor" joined alternative multi-casting on [225.0.0.222:34997]...

Refreshing native plugins compatible for Editor in 157.16 ms, found 2 plugins.
Preloading 0 native plugins for Editor in 0.00 ms.
Initialize engine version: 2021.3.16f1 (4016570cf34f)
[Subsystems] Discovering subsystems at path /Applications/Unity/Hub/Editor/2021.3.16f1/Unity.app/Contents/Resources/UnitySubsystems
[Subsystems] Discovering subsystems at path /Users/mac-pro/Desktop/Cart315/CART315_Unity2/C2/Assets
GfxDevice: creating device client; threaded=0; jobified=0
Color LCD preferred device: NVIDIA GeForce GT 650M (high power)
Metal devices available: 2
0: NVIDIA GeForce GT 650M (high power)
1: Intel HD Graphics 4000 (low power)
Using device NVIDIA GeForce GT 650M (high power)
Initializing Metal device caps: NVIDIA GeForce GT 650M
Initialize mono
Mono path[0] = '/Applications/Unity/Hub/Editor/2021.3.16f1/Unity.app/Contents/Managed'
Mono path[1] = '/Applications/Unity/Hub/Editor/2021.3.16f1/Unity.app/Contents/MonoBleedingEdge/lib/mono/unityjit-macos'
Mono config path = '/Applications/Unity/Hub/Editor/2021.3.16f1/Unity.app/Contents/MonoBleedingEdge/etc'
Using monoOptions --debugger-agent=transport=dt_socket,embedding=1,server=y,suspend=n,address=127.0.0.1:56809
Begin MonoManager ReloadAssembly
Registering precompiled unity dll's ...
Register platform support module: /Applications/Unity/Hub/Editor/2021.3.16f1/Unity.app/Contents/PlaybackEngines/MacStandaloneSupport/UnityEditor.OSXStandalone.Extensions.dll
Registered in 0.002680 seconds.
Native extension for OSXStandalone target not found
Refreshing native plugins compatible for Editor in 232.29 ms, found 2 plugins.
Preloading 0 native plugins for Editor in 0.00 ms.
Mono: successfully reloaded assembly
- Completed reload, in  1.479 seconds
Domain Reload Profiling:
	ReloadAssembly (1480ms)
		BeginReloadAssembly (221ms)
			ExecutionOrderSort (0ms)
			DisableScriptedObjects (0ms)
			BackupInstance (0ms)
			ReleaseScriptingObjects (0ms)
			CreateAndSetChildDomain (1ms)
		EndReloadAssembly (1060ms)
			LoadAssemblies (223ms)
			RebuildTransferFunctionScriptingTraits (0ms)
			SetupTypeCache (212ms)
			ReleaseScriptCaches (0ms)
			RebuildScriptCaches (54ms)
			SetupLoadedEditorAssemblies (713ms)
				LogAssemblyErrors (0ms)
				InitializePlatformSupportModulesInManaged (12ms)
				SetLoadedEditorAssemblies (0ms)
				RefreshPlugins (232ms)
				BeforeProcessingInitializeOnLoad (3ms)
				ProcessInitializeOnLoadAttributes (360ms)
				ProcessInitializeOnLoadMethodAttributes (104ms)
				AfterProcessingInitializeOnLoad (0ms)
				EditorAssembliesLoaded (0ms)
			ExecutionOrderSort2 (0ms)
			AwakeInstancesAfterBackupRestoration (0ms)
Platform modules already initialized, skipping
Registering precompiled user dll's ...
Registered in 0.011485 seconds.
Begin MonoManager ReloadAssembly
Symbol file LoadedFromMemory doesn't match image /Users/mac-pro/Desktop/Cart315/CART315_Unity2/C2/Library/PackageCache/com.unity.visualscripting@1.7.8/Editor/VisualScripting.Core/Dependencies/YamlDotNet/Unity.VisualScripting.YamlDotNet.dll
Symbol file LoadedFromMemory doesn't match image /Users/mac-pro/Desktop/Cart315/CART315_Unity2/C2/Library/PackageCache/com.unity.visualscripting@1.7.8/Editor/VisualScripting.Core/Dependencies/DotNetZip/Unity.VisualScripting.IonicZip.dll
Native extension for OSXStandalone target not found
Refreshing native plugins compatible for Editor in 0.79 ms, found 2 plugins.
Preloading 0 native plugins for Editor in 0.00 ms.
Mono: successfully reloaded assembly
- Completed reload, in  2.021 seconds
Domain Reload Profiling:
	ReloadAssembly (2022ms)
		BeginReloadAssembly (227ms)
			ExecutionOrderSort (0ms)
			DisableScriptedObjects (15ms)
			BackupInstance (0ms)
			ReleaseScriptingObjects (0ms)
			CreateAndSetChildDomain (61ms)
		EndReloadAssembly (1532ms)
			LoadAssemblies (233ms)
			RebuildTransferFunctionScriptingTraits (0ms)
			SetupTypeCache (509ms)
			ReleaseScriptCaches (1ms)
			RebuildScriptCaches (91ms)
			SetupLoadedEditorAssemblies (642ms)
				LogAssemblyErrors (0ms)
				InitializePlatformSupportModulesInManaged (6ms)
				SetLoadedEditorAssemblies (1ms)
				RefreshPlugins (1ms)
				BeforeProcessingInitializeOnLoad (129ms)
				ProcessInitializeOnLoadAttributes (457ms)
				ProcessInitializeOnLoadMethodAttributes (46ms)
				AfterProcessingInitializeOnLoad (3ms)
				EditorAssembliesLoaded (0ms)
			ExecutionOrderSort2 (0ms)
			AwakeInstancesAfterBackupRestoration (6ms)
Platform modules already initialized, skipping
========================================================================
Worker process is ready to serve import requests
Launching external process: /Applications/Unity/Hub/Editor/2021.3.16f1/Unity.app/Contents/Tools/UnityShaderCompiler
Launched and connected shader compiler UnityShaderCompiler after 0.09 seconds
Refreshing native plugins compatible for Editor in 0.96 ms, found 2 plugins.
Preloading 0 native plugins for Editor in 0.00 ms.
Unloading 3754 Unused Serialized files (Serialized files now loaded: 0)
Unloading 29 unused Assets / (109.6 KB). Loaded Objects now: 4234.
Memory consumption went from 145.5 MB to 145.4 MB.
Total: 5.068727 ms (FindLiveObjects: 0.378508 ms CreateObjectMapping: 0.384513 ms MarkObjects: 3.982537 ms  DeleteObjects: 0.321796 ms)

AssetImportParameters requested are different than current active one (requested -> active):
  custom:video-decoder-ogg-theora: a1e56fd34408186e4bbccfd4996cb3dc -> 
  custom:container-muxer-webm: aa71ff27fc2769a1b78a27578f13a17b -> 
  custom:container-demuxer-webm: 4f35f7cbe854078d1ac9338744f61a02 -> 
  custom:video-encoder-webm-vp8: eb34c28f22e8b96e1ab97ce403110664 -> 
  custom:framework-osx-AVFoundation: b23960f63f64bdc6ff669e2cdcee2391 -> 
  custom:audio-encoder-webm-vorbis: bf7c407c2cedff20999df2af8eb42d56 -> 
  custom:container-demuxer-ogg: 62fdf1f143b41e24485cea50d1cbac27 -> 
  custom:video-decoder-webm-vp8: 9c59270c3fd7afecdb556c50c9e8de78 -> 
  custom:audio-decoder-ogg-vorbis: bf7c407c2cedff20999df2af8eb42d56 -> 
========================================================================
Received Import Request.
  Time since last request: 119852.661095 seconds.
  path: Assets/Eclipse_mou tains.asset
  artifactKey: Guid(87e9df8d80718432b86c700865737c74) Importer(815301076,1909f56bfc062723c751e8b465ee728b)
Start importing Assets/Eclipse_mou tains.asset using Guid(87e9df8d80718432b86c700865737c74) Importer(815301076,1909f56bfc062723c751e8b465ee728b)  -> (artifact id: '9f6489bc8c51cfaa6d6449cd1e7a2aa8') in 0.694426 seconds 
========================================================================
Received Prepare
Registering precompiled user dll's ...
Registered in 0.004046 seconds.
Begin MonoManager ReloadAssembly
Symbol file LoadedFromMemory doesn't match image /Users/mac-pro/Desktop/Cart315/CART315_Unity2/C2/Library/PackageCache/com.unity.visualscripting@1.7.8/Editor/VisualScripting.Core/Dependencies/YamlDotNet/Unity.VisualScripting.YamlDotNet.dll
Symbol file LoadedFromMemory doesn't match image /Users/mac-pro/Desktop/Cart315/CART315_Unity2/C2/Library/PackageCache/com.unity.visualscripting@1.7.8/Editor/VisualScripting.Core/Dependencies/DotNetZip/Unity.VisualScripting.IonicZip.dll
Native extension for OSXStandalone target not found
Refreshing native plugins compatible for Editor in 12.03 ms, found 2 plugins.
Preloading 0 native plugins for Editor in 0.00 ms.
Mono: successfully reloaded assembly
- Completed reload, in  2.383 seconds
Domain Reload Profiling:
	ReloadAssembly (2384ms)
		BeginReloadAssembly (451ms)
			ExecutionOrderSort (0ms)
			DisableScriptedObjects (16ms)
			BackupInstance (0ms)
			ReleaseScriptingObjects (0ms)
			CreateAndSetChildDomain (179ms)
		EndReloadAssembly (1726ms)
			LoadAssemblies (307ms)
			RebuildTransferFunctionScriptingTraits (1ms)
			SetupTypeCache (619ms)
			ReleaseScriptCaches (2ms)
			RebuildScriptCaches (121ms)
			SetupLoadedEditorAssemblies (690ms)
				LogAssemblyErrors (0ms)
				InitializePlatformSupportModulesInManaged (17ms)
				SetLoadedEditorAssemblies (1ms)
				RefreshPlugins (12ms)
				BeforeProcessingInitializeOnLoad (126ms)
				ProcessInitializeOnLoadAttributes (486ms)
				ProcessInitializeOnLoadMethodAttributes (45ms)
				AfterProcessingInitializeOnLoad (3ms)
				EditorAssembliesLoaded (0ms)
			ExecutionOrderSort2 (0ms)
			AwakeInstancesAfterBackupRestoration (8ms)
Platform modules already initialized, skipping
Refreshing native plugins compatible for Editor in 2.85 ms, found 2 plugins.
Preloading 0 native plugins for Editor in 0.00 ms.
Unloading 3719 Unused Serialized files (Serialized files now loaded: 0)
Unloading 22 unused Assets / (89.6 KB). Loaded Objects now: 4239.
Memory consumption went from 146.5 MB to 146.4 MB.
Total: 5.881365 ms (FindLiveObjects: 0.532959 ms CreateObjectMapping: 0.504269 ms MarkObjects: 4.641379 ms  DeleteObjects: 0.200175 ms)

AssetImportParameters requested are different than current active one (requested -> active):
  custom:video-decoder-ogg-theora: a1e56fd34408186e4bbccfd4996cb3dc -> 
  custom:container-muxer-webm: aa71ff27fc2769a1b78a27578f13a17b -> 
  custom:container-demuxer-webm: 4f35f7cbe854078d1ac9338744f61a02 -> 
  custom:video-encoder-webm-vp8: eb34c28f22e8b96e1ab97ce403110664 -> 
  custom:framework-osx-AVFoundation: b23960f63f64bdc6ff669e2cdcee2391 -> 
  custom:audio-encoder-webm-vorbis: bf7c407c2cedff20999df2af8eb42d56 -> 
  custom:container-demuxer-ogg: 62fdf1f143b41e24485cea50d1cbac27 -> 
  custom:video-decoder-webm-vp8: 9c59270c3fd7afecdb556c50c9e8de78 -> 
  custom:audio-decoder-ogg-vorbis: bf7c407c2cedff20999df2af8eb42d56 -> 
========================================================================
Received Import Request.
  Time since last request: 141.078902 seconds.
  path: Assets/Materials
  artifactKey: Guid(ca0bef480ae324275924d60d1cb75035) Importer(815301076,1909f56bfc062723c751e8b465ee728b)
Start importing Assets/Materials using Guid(ca0bef480ae324275924d60d1cb75035) Importer(815301076,1909f56bfc062723c751e8b465ee728b)  -> (artifact id: 'be5f812ed0a3c2fb8d74cb84c6a7a938') in 0.011801 seconds 
========================================================================
Received Import Request.
  Time since last request: 0.645210 seconds.
  path: Assets/Jonathan Foust
  artifactKey: Guid(5b9b06ead7e464aad8844766dfa6154f) Importer(815301076,1909f56bfc062723c751e8b465ee728b)
Start importing Assets/Jonathan Foust using Guid(5b9b06ead7e464aad8844766dfa6154f) Importer(815301076,1909f56bfc062723c751e8b465ee728b)  -> (artifact id: 'ef281b2cebe975b4f4c8aa6dbbe6b19a') in 0.003714 seconds 
========================================================================
Received Import Request.
  Time since last request: 3.230970 seconds.
  path: Assets/Jonathan Foust/Prefabs
  artifactKey: Guid(89d7941ca5373804fb668c8290f0f256) Importer(815301076,1909f56bfc062723c751e8b465ee728b)
Start importing Assets/Jonathan Foust/Prefabs using Guid(89d7941ca5373804fb668c8290f0f256) Importer(815301076,1909f56bfc062723c751e8b465ee728b)  -> (artifact id: 'b7e42c0b8528f74dcea03a4673f0d5b5') in 0.002545 seconds 
========================================================================
Received Import Request.
  Time since last request: 0.633428 seconds.
  path: Assets/Jonathan Foust/Prefabs/Blood Chute Cluster.prefab
  artifactKey: Guid(73955d14216c8444e93fba5305c836ae) Importer(815301076,1909f56bfc062723c751e8b465ee728b)
Start importing Assets/Jonathan Foust/Prefabs/Blood Chute Cluster.prefab using Guid(73955d14216c8444e93fba5305c836ae) Importer(815301076,1909f56bfc062723c751e8b465ee728b)  -> (artifact id: '8d8ec6d982afd76a466b57a69a3414cf') in 2.026120 seconds 
========================================================================
Received Import Request.
  Time since last request: 0.000534 seconds.
  path: Assets/Jonathan Foust/Prefabs/Blood Chute_3.prefab
  artifactKey: Guid(3a4e3158363d42041af987ffcf142017) Importer(815301076,1909f56bfc062723c751e8b465ee728b)
Start importing Assets/Jonathan Foust/Prefabs/Blood Chute_3.prefab using Guid(3a4e3158363d42041af987ffcf142017) Importer(815301076,1909f56bfc062723c751e8b465ee728b)  -> (artifact id: '2ce99e55658d1633ca95a90a0abfb06a') in 0.499348 seconds 
========================================================================
Received Import Request.
  Time since last request: 0.000144 seconds.
  path: Assets/Jonathan Foust/Prefabs/Water Lily Flower.prefab
  artifactKey: Guid(6cb9eb6b0730a724eb39c4e25c66dbcd) Importer(815301076,1909f56bfc062723c751e8b465ee728b)
Start importing Assets/Jonathan Foust/Prefabs/Water Lily Flower.prefab using Guid(6cb9eb6b0730a724eb39c4e25c66dbcd) Importer(815301076,1909f56bfc062723c751e8b465ee728b)  -> (artifact id: 'a786ddb9ec298c297c46d866cd0ca148') in 0.451837 seconds 
========================================================================
Received Import Request.
  Time since last request: 0.000136 seconds.
  path: Assets/Jonathan Foust/Prefabs/Mugwort.prefab
  artifactKey: Guid(a7901be2baf837243a84e046e16ad917) Importer(815301076,1909f56bfc062723c751e8b465ee728b)
Start importing Assets/Jonathan Foust/Prefabs/Mugwort.prefab using Guid(a7901be2baf837243a84e046e16ad917) Importer(815301076,1909f56bfc062723c751e8b465ee728b)  -> (artifact id: 'fc3500aa850352734ef462adf0e4afe3') in 1.078243 seconds 
========================================================================
Received Import Request.
  Time since last request: 0.000085 seconds.
  path: Assets/Jonathan Foust/Prefabs/Fish-Hook Kelp Bush Wall.prefab
  artifactKey: Guid(bee6368b78f678542bfcecbcc7280a48) Importer(815301076,1909f56bfc062723c751e8b465ee728b)
Start importing Assets/Jonathan Foust/Prefabs/Fish-Hook Kelp Bush Wall.prefab using Guid(bee6368b78f678542bfcecbcc7280a48) Importer(815301076,1909f56bfc062723c751e8b465ee728b)  -> (artifact id: 'f7d2ea4f279b6ec7dc293bfd87a3b259') in 1.620262 seconds 
========================================================================
Received Import Request.
  Time since last request: 0.000112 seconds.
  path: Assets/Jonathan Foust/Prefabs/Rafflesia.prefab
  artifactKey: Guid(a574a15d0e27b86449df9ed0bb07788a) Importer(815301076,1909f56bfc062723c751e8b465ee728b)
Start importing Assets/Jonathan Foust/Prefabs/Rafflesia.prefab using Guid(a574a15d0e27b86449df9ed0bb07788a) Importer(815301076,1909f56bfc062723c751e8b465ee728b)  -> (artifact id: 'face544e098b19ff7b767a5ba709bbda') in 0.144902 seconds 
========================================================================
Received Import Request.
  Time since last request: 0.000080 seconds.
  path: Assets/Jonathan Foust/Prefabs/Fan Leaf.prefab
  artifactKey: Guid(eeec0d4ba20dbdb4396b68194c79dffd) Importer(815301076,1909f56bfc062723c751e8b465ee728b)
Start importing Assets/Jonathan Foust/Prefabs/Fan Leaf.prefab using Guid(eeec0d4ba20dbdb4396b68194c79dffd) Importer(815301076,1909f56bfc062723c751e8b465ee728b)  -> (artifact id: '18e1d934920229ea6885bb0293bcd675') in 0.449762 seconds 
========================================================================
Received Import Request.
  Time since last request: 0.000112 seconds.
  path: Assets/Jonathan Foust/Prefabs/Sanchezia Star.prefab
  artifactKey: Guid(38902c77a51673b49946f0c92f53595f) Importer(815301076,1909f56bfc062723c751e8b465ee728b)
Start importing Assets/Jonathan Foust/Prefabs/Sanchezia Star.prefab using Guid(38902c77a51673b49946f0c92f53595f) Importer(815301076,1909f56bfc062723c751e8b465ee728b)  -> (artifact id: '6b9588df4e7f33f141c6db66bed84dae') in 0.280784 seconds 
========================================================================
Received Import Request.
  Time since last request: 0.000106 seconds.
  path: Assets/Jonathan Foust/Prefabs/Fish-Hook Kelp_3.prefab
  artifactKey: Guid(a59382a2dd493084a9622daed74a5229) Importer(815301076,1909f56bfc062723c751e8b465ee728b)
Start importing Assets/Jonathan Foust/Prefabs/Fish-Hook Kelp_3.prefab using Guid(a59382a2dd493084a9622daed74a5229) Importer(815301076,1909f56bfc062723c751e8b465ee728b)  -> (artifact id: '23b7bd4135ed57ab3fa19e5381a903a5') in 0.078195 seconds 
========================================================================
Received Import Request.
  Time since last request: 0.000083 seconds.
  path: Assets/Jonathan Foust/Prefabs/Fish-Hook Kelp Bush_Radial_2.prefab
  artifactKey: Guid(4b1deebc44f447b449a2ab524f21462f) Importer(815301076,1909f56bfc062723c751e8b465ee728b)
Start importing Assets/Jonathan Foust/Prefabs/Fish-Hook Kelp Bush_Radial_2.prefab using Guid(4b1deebc44f447b449a2ab524f21462f) Importer(815301076,1909f56bfc062723c751e8b465ee728b)  -> (artifact id: '8ce100b750074554fc7318bc95c25a46') in 0.077120 seconds 
========================================================================
Received Import Request.
  Time since last request: 0.000108 seconds.
  path: Assets/Jonathan Foust/Prefabs/Grass B_5.prefab
  artifactKey: Guid(fc4e75c45249c894cba68ebbf5a7b72e) Importer(815301076,1909f56bfc062723c751e8b465ee728b)
Start importing Assets/Jonathan Foust/Prefabs/Grass B_5.prefab using Guid(fc4e75c45249c894cba68ebbf5a7b72e) Importer(815301076,1909f56bfc062723c751e8b465ee728b)  -> (artifact id: '15dc813c41eabdeb5c2470f4ffda6a18') in 0.016994 seconds 
========================================================================
Received Import Request.
  Time since last request: 0.000093 seconds.
  path: Assets/Jonathan Foust/Prefabs/Blood Chute_2.prefab
  artifactKey: Guid(ed91165bb5af6e04a904ec475432c555) Importer(815301076,1909f56bfc062723c751e8b465ee728b)
Start importing Assets/Jonathan Foust/Prefabs/Blood Chute_2.prefab using Guid(ed91165bb5af6e04a904ec475432c555) Importer(815301076,1909f56bfc062723c751e8b465ee728b)  -> (artifact id: '9cc62d237b9131643c2fb842376a093d') in 0.038742 seconds 
========================================================================
Received Import Request.
  Time since last request: 0.000119 seconds.
  path: Assets/Jonathan Foust/Prefabs/Grass C_2.prefab
  artifactKey: Guid(ca95e14daf8d0b845b7c180011b09fb8) Importer(815301076,1909f56bfc062723c751e8b465ee728b)
Start importing Assets/Jonathan Foust/Prefabs/Grass C_2.prefab using Guid(ca95e14daf8d0b845b7c180011b09fb8) Importer(815301076,1909f56bfc062723c751e8b465ee728b)  -> (artifact id: 'd18be5eebc270d4da5f3d22139fb1cfa') in 0.022790 seconds 
========================================================================
Received Import Request.
  Time since last request: 0.000096 seconds.
  path: Assets/Jonathan Foust/Prefabs/Fish-Hook Kelp Bush_Radial.prefab
  artifactKey: Guid(7e5e9076460bc114caddbbf89e9fec4c) Importer(815301076,1909f56bfc062723c751e8b465ee728b)
Start importing Assets/Jonathan Foust/Prefabs/Fish-Hook Kelp Bush_Radial.prefab using Guid(7e5e9076460bc114caddbbf89e9fec4c) Importer(815301076,1909f56bfc062723c751e8b465ee728b)  -> (artifact id: 'd1205c87d1e043e5cbe69057b0d1808c') in 0.069121 seconds 
========================================================================
Received Import Request.
  Time since last request: 0.000105 seconds.
  path: Assets/Jonathan Foust/Prefabs/Grass A_3.prefab
  artifactKey: Guid(8f5b11df5b8c58f4ca9cf13c7e1b8bd8) Importer(815301076,1909f56bfc062723c751e8b465ee728b)
Start importing Assets/Jonathan Foust/Prefabs/Grass A_3.prefab using Guid(8f5b11df5b8c58f4ca9cf13c7e1b8bd8) Importer(815301076,1909f56bfc062723c751e8b465ee728b)  -> (artifact id: '85e47c99a00d8b0d38d06864e58a273d') in 0.017573 seconds 
========================================================================
Received Import Request.
  Time since last request: 0.000104 seconds.
  path: Assets/Jonathan Foust/Prefabs/Grass B_2.prefab
  artifactKey: Guid(cd080ce2e2d1bdc4180cb6b3611e2a34) Importer(815301076,1909f56bfc062723c751e8b465ee728b)
Start importing Assets/Jonathan Foust/Prefabs/Grass B_2.prefab using Guid(cd080ce2e2d1bdc4180cb6b3611e2a34) Importer(815301076,1909f56bfc062723c751e8b465ee728b)  -> (artifact id: 'be56ad72210b080630853169764410ec') in 0.019493 seconds 
========================================================================
Received Import Request.
  Time since last request: 0.000344 seconds.
  path: Assets/Jonathan Foust/Prefabs/Fish-Hook Kelp_1.prefab
  artifactKey: Guid(d9f7e8124b769f147bc50cf3f42d673a) Importer(815301076,1909f56bfc062723c751e8b465ee728b)
Start importing Assets/Jonathan Foust/Prefabs/Fish-Hook Kelp_1.prefab using Guid(d9f7e8124b769f147bc50cf3f42d673a) Importer(815301076,1909f56bfc062723c751e8b465ee728b)  -> (artifact id: 'fe94dd220e85cf1ad568fd4fbc87e012') in 0.046491 seconds 
========================================================================
Received Import Request.
  Time since last request: 7.492248 seconds.
  path: Assets/Jonathan Foust/Demo Scene Assets/Meshes/Asian Temple Scene.fbx
  artifactKey: Guid(03fdd04ac1b8bd347984b220bb264a40) Importer(815301076,1909f56bfc062723c751e8b465ee728b)
Start importing Assets/Jonathan Foust/Demo Scene Assets/Meshes/Asian Temple Scene.fbx using Guid(03fdd04ac1b8bd347984b220bb264a40) Importer(815301076,1909f56bfc062723c751e8b465ee728b)  -> (artifact id: 'c0840acdf4c6bb4dc79a263f466a0f23') in 0.971222 seconds 
========================================================================
Received Import Request.
  Time since last request: 0.000114 seconds.
  path: Assets/Jonathan Foust/Meshes/Day Aresha Bush_3.fbx
  artifactKey: Guid(22c2bba4bb86a8345a595907a2b41786) Importer(815301076,1909f56bfc062723c751e8b465ee728b)
Start importing Assets/Jonathan Foust/Meshes/Day Aresha Bush_3.fbx using Guid(22c2bba4bb86a8345a595907a2b41786) Importer(815301076,1909f56bfc062723c751e8b465ee728b)  -> (artifact id: '5925c8f2b94eacf82d0cecbe112254a5') in 0.829559 seconds 
========================================================================
Received Import Request.
  Time since last request: 0.000100 seconds.
  path: Assets/Jonathan Foust/Meshes/Chinese Evergreen.fbx
  artifactKey: Guid(99d51e717e3905d479c1f57c356240dc) Importer(815301076,1909f56bfc062723c751e8b465ee728b)
Start importing Assets/Jonathan Foust/Meshes/Chinese Evergreen.fbx using Guid(99d51e717e3905d479c1f57c356240dc) Importer(815301076,1909f56bfc062723c751e8b465ee728b)  -> (artifact id: 'baaf67f2d5ccda131708a3269e92ebad') in 0.561979 seconds 
========================================================================
Received Import Request.
  Time since last request: 0.000147 seconds.
  path: Assets/Jonathan Foust/Meshes/Day Aresha Bush_2.fbx
  artifactKey: Guid(b216f276bd94a4c4ba3d41fc16692817) Importer(815301076,1909f56bfc062723c751e8b465ee728b)
Start importing Assets/Jonathan Foust/Meshes/Day Aresha Bush_2.fbx using Guid(b216f276bd94a4c4ba3d41fc16692817) Importer(815301076,1909f56bfc062723c751e8b465ee728b)  -> (artifact id: '17f7c69de3e108a8834bf392fdf278d6') in 0.645771 seconds 
========================================================================
Received Import Request.
  Time since last request: 0.000518 seconds.
  path: Assets/Jonathan Foust/Meshes/Grass C_1.fbx
  artifactKey: Guid(585de233dc7532342b0744ed92b5d151) Importer(815301076,1909f56bfc062723c751e8b465ee728b)
Start importing Assets/Jonathan Foust/Meshes/Grass C_1.fbx using Guid(585de233dc7532342b0744ed92b5d151) Importer(815301076,1909f56bfc062723c751e8b465ee728b)  -> (artifact id: 'a3167e658d743d7fac669f89809dd75f') in 0.095824 seconds 
========================================================================
Received Import Request.
  Time since last request: 0.000075 seconds.
  path: Assets/Jonathan Foust/Meshes/Neat Leaf.fbx
  artifactKey: Guid(1960a812b1dbde948a3d7195b88fdedc) Importer(815301076,1909f56bfc062723c751e8b465ee728b)
Start importing Assets/Jonathan Foust/Meshes/Neat Leaf.fbx using Guid(1960a812b1dbde948a3d7195b88fdedc) Importer(815301076,1909f56bfc062723c751e8b465ee728b)  -> (artifact id: '138e44a0bb144c2049422e19ef9f9231') in 0.096731 seconds 
========================================================================
Received Import Request.
  Time since last request: 0.000097 seconds.
  path: Assets/Jonathan Foust/Meshes/Grass B_7.fbx
  artifactKey: Guid(0562b5adedebfb74b88eae552514fe78) Importer(815301076,1909f56bfc062723c751e8b465ee728b)
Start importing Assets/Jonathan Foust/Meshes/Grass B_7.fbx using Guid(0562b5adedebfb74b88eae552514fe78) Importer(815301076,1909f56bfc062723c751e8b465ee728b)  -> (artifact id: '40d1572367b565e91e90029d14f74ab0') in 0.540487 seconds 
========================================================================
Received Import Request.
  Time since last request: 0.000092 seconds.
  path: Assets/Jonathan Foust/Meshes/Water Lily Leaf.fbx
  artifactKey: Guid(0b0dbace8b5a11247bc9e11269c46bef) Importer(815301076,1909f56bfc062723c751e8b465ee728b)
Start importing Assets/Jonathan Foust/Meshes/Water Lily Leaf.fbx using Guid(0b0dbace8b5a11247bc9e11269c46bef) Importer(815301076,1909f56bfc062723c751e8b465ee728b)  -> (artifact id: '6be53651f00c79626570e1f42177a83b') in 0.163659 seconds 
========================================================================
Received Import Request.
  Time since last request: 0.000075 seconds.
  path: Assets/Jonathan Foust/Meshes/Grass B_6.fbx
  artifactKey: Guid(6fa79731353e9df48b47cd8e1bf142c4) Importer(815301076,1909f56bfc062723c751e8b465ee728b)
Start importing Assets/Jonathan Foust/Meshes/Grass B_6.fbx using Guid(6fa79731353e9df48b47cd8e1bf142c4) Importer(815301076,1909f56bfc062723c751e8b465ee728b)  -> (artifact id: '610bfef8da7c1db8d55ee6c1f1fc07bc') in 0.210524 seconds 
========================================================================
Received Import Request.
  Time since last request: 0.000159 seconds.
  path: Assets/Jonathan Foust/Meshes/Rafflesia.fbx
  artifactKey: Guid(ade0ae58bed068a4b8e2729826ad0487) Importer(815301076,1909f56bfc062723c751e8b465ee728b)
Start importing Assets/Jonathan Foust/Meshes/Rafflesia.fbx using Guid(ade0ae58bed068a4b8e2729826ad0487) Importer(815301076,1909f56bfc062723c751e8b465ee728b)  -> (artifact id: '5f74dc18d0b46944c11d821e5e71599a') in 0.417507 seconds 
========================================================================
Received Import Request.
  Time since last request: 7.256916 seconds.
  path: Assets/Jonathan Foust/Meshes/Grass B_1.fbx
  artifactKey: Guid(425aecddacaa33a44b470c500798988b) Importer(815301076,1909f56bfc062723c751e8b465ee728b)
Start importing Assets/Jonathan Foust/Meshes/Grass B_1.fbx using Guid(425aecddacaa33a44b470c500798988b) Importer(815301076,1909f56bfc062723c751e8b465ee728b)  -> (artifact id: 'dfd08bc19c97f3d6264f5349b31dbb8e') in 0.227419 seconds 
========================================================================
Received Import Request.
  Time since last request: 0.000100 seconds.
  path: Assets/Jonathan Foust/Meshes/Grass A_2.fbx
  artifactKey: Guid(117ed6d2ff50067459592deaef315770) Importer(815301076,1909f56bfc062723c751e8b465ee728b)
Start importing Assets/Jonathan Foust/Meshes/Grass A_2.fbx using Guid(117ed6d2ff50067459592deaef315770) Importer(815301076,1909f56bfc062723c751e8b465ee728b)  -> (artifact id: '04ebda1082d48e42d9c042ea824fb2f0') in 0.490492 seconds 
========================================================================
Received Import Request.
  Time since last request: 0.000081 seconds.
  path: Assets/Jonathan Foust/Meshes/Grass A_5.fbx
  artifactKey: Guid(4a80cb5399f0ff641a977dab7b96deea) Importer(815301076,1909f56bfc062723c751e8b465ee728b)
Start importing Assets/Jonathan Foust/Meshes/Grass A_5.fbx using Guid(4a80cb5399f0ff641a977dab7b96deea) Importer(815301076,1909f56bfc062723c751e8b465ee728b)  -> (artifact id: '2099387731c58d2efcc6c07e49fad9c2') in 0.096114 seconds 
========================================================================
Received Import Request.
  Time since last request: 0.000099 seconds.
  path: Assets/Jonathan Foust/Meshes/Grass B_5.fbx
  artifactKey: Guid(a3c5fa1f9f5568646b285fbbe6acd1f5) Importer(815301076,1909f56bfc062723c751e8b465ee728b)
Start importing Assets/Jonathan Foust/Meshes/Grass B_5.fbx using Guid(a3c5fa1f9f5568646b285fbbe6acd1f5) Importer(815301076,1909f56bfc062723c751e8b465ee728b)  -> (artifact id: 'f27e3bde2cb34bdba7015a763dc7f850') in 0.053823 seconds 
========================================================================
Received Import Request.
  Time since last request: 0.000094 seconds.
  path: Assets/Jonathan Foust/Meshes/Fish-Hook Kelp Bush Wall.fbx
  artifactKey: Guid(e846f39e5a5347d4ca8c780036e60cfc) Importer(815301076,1909f56bfc062723c751e8b465ee728b)
Start importing Assets/Jonathan Foust/Meshes/Fish-Hook Kelp Bush Wall.fbx using Guid(e846f39e5a5347d4ca8c780036e60cfc) Importer(815301076,1909f56bfc062723c751e8b465ee728b)  -> (artifact id: '8da04d6edf8a58038187a4c196feb1ad') in 0.874438 seconds 
========================================================================
Received Import Request.
  Time since last request: 113.356174 seconds.
  path: Assets/ModularFirstPersonController/FirstPersonController/FirstPersonController.prefab
  artifactKey: Guid(6bacecc4f3df9584198879c73a6b6c36) Importer(815301076,1909f56bfc062723c751e8b465ee728b)
Start importing Assets/ModularFirstPersonController/FirstPersonController/FirstPersonController.prefab using Guid(6bacecc4f3df9584198879c73a6b6c36) Importer(815301076,1909f56bfc062723c751e8b465ee728b)  -> (artifact id: 'c74a578ff71c2e4d4040c425e9ca45b6') in 0.134632 seconds 
========================================================================
Received Import Request.
  Time since last request: 0.000088 seconds.
  path: Assets/Jonathan Foust/Meshes/Fish-Hook Kelp_3.fbx
  artifactKey: Guid(1b6df66e93eabf342beaefd91237d8c7) Importer(815301076,1909f56bfc062723c751e8b465ee728b)
Start importing Assets/Jonathan Foust/Meshes/Fish-Hook Kelp_3.fbx using Guid(1b6df66e93eabf342beaefd91237d8c7) Importer(815301076,1909f56bfc062723c751e8b465ee728b)  -> (artifact id: 'f28c3da1888062fc14ddd652da321b80') in 0.525483 seconds 
========================================================================
Received Import Request.
  Time since last request: 277.739558 seconds.
  path: Packages/com.unity.probuilder/Content/Icons/Tools/ShapeTool/Arch@2x_Light.png
  artifactKey: Guid(883681e440ab51b4eb2f55fdc864b1c9) Importer(815301076,1909f56bfc062723c751e8b465ee728b)
Start importing Packages/com.unity.probuilder/Content/Icons/Tools/ShapeTool/Arch@2x_Light.png using Guid(883681e440ab51b4eb2f55fdc864b1c9) Importer(815301076,1909f56bfc062723c751e8b465ee728b)  -> (artifact id: '10a7a84d1c86a8e8b24c460c8d5006c3') in 0.780837 seconds 
========================================================================
Received Import Request.
  Time since last request: 0.000083 seconds.
  path: Assets/Jonathan Foust/Materials/Chinese Evergreen Texture.png
  artifactKey: Guid(f135843d61379524f9d2188a655bbec0) Importer(815301076,1909f56bfc062723c751e8b465ee728b)
Start importing Assets/Jonathan Foust/Materials/Chinese Evergreen Texture.png using Guid(f135843d61379524f9d2188a655bbec0) Importer(815301076,1909f56bfc062723c751e8b465ee728b)  -> (artifact id: 'b980de8739abb94d32aae80f075f6e4b') in 0.539763 seconds 
========================================================================
Received Import Request.
  Time since last request: 0.000081 seconds.
  path: Packages/com.unity.probuilder/Content/Icons/Toolbar/Button_Normal.png
  artifactKey: Guid(5c266eda6963f4b088cb4e69c9892a28) Importer(815301076,1909f56bfc062723c751e8b465ee728b)
Start importing Packages/com.unity.probuilder/Content/Icons/Toolbar/Button_Normal.png using Guid(5c266eda6963f4b088cb4e69c9892a28) Importer(815301076,1909f56bfc062723c751e8b465ee728b)  -> (artifact id: '239f7df26237110877659b2add374fc3') in 0.272021 seconds 
========================================================================
Received Import Request.
  Time since last request: 0.000086 seconds.
  path: Packages/com.unity.probuilder/Content/Icons/Toolbar/Background/Circle-22px_Normal.png
  artifactKey: Guid(5c97f1b8af7a54ebfa287033b3917c45) Importer(815301076,1909f56bfc062723c751e8b465ee728b)
Start importing Packages/com.unity.probuilder/Content/Icons/Toolbar/Background/Circle-22px_Normal.png using Guid(5c97f1b8af7a54ebfa287033b3917c45) Importer(815301076,1909f56bfc062723c751e8b465ee728b)  -> (artifact id: 'ac738f5d1de0858e1159939100d41319') in 0.127341 seconds 
========================================================================
Received Import Request.
  Time since last request: 0.000071 seconds.
  path: Assets/Jonathan Foust/Demo Scene Assets/Materials/Bridge Rail Normals.png
  artifactKey: Guid(8a964a2d60caae44b8f304be75f62d69) Importer(815301076,1909f56bfc062723c751e8b465ee728b)
Start importing Assets/Jonathan Foust/Demo Scene Assets/Materials/Bridge Rail Normals.png using Guid(8a964a2d60caae44b8f304be75f62d69) Importer(815301076,1909f56bfc062723c751e8b465ee728b)  -> (artifact id: 'f1bc37368bf2c1115927b210413ca351') in 0.705921 seconds 
========================================================================
Received Import Request.
  Time since last request: 0.000085 seconds.
  path: Packages/com.unity.probuilder/Content/Icons/Modes/Mode_Face.png
  artifactKey: Guid(00ac05966499340f98f0133550793d13) Importer(815301076,1909f56bfc062723c751e8b465ee728b)
Start importing Packages/com.unity.probuilder/Content/Icons/Modes/Mode_Face.png using Guid(00ac05966499340f98f0133550793d13) Importer(815301076,1909f56bfc062723c751e8b465ee728b)  -> (artifact id: '2f925a096ed3932c4dde3127fe2b7353') in 0.153078 seconds 
========================================================================
Received Import Request.
  Time since last request: 0.000354 seconds.
  path: Packages/com.unity.probuilder/Content/Icons/Toolbar/Background/Selection_Hover_Horizontal_Light.png
  artifactKey: Guid(5a5154b058816a2499c3d67aaad4561f) Importer(815301076,1909f56bfc062723c751e8b465ee728b)
Start importing Packages/com.unity.probuilder/Content/Icons/Toolbar/Background/Selection_Hover_Horizontal_Light.png using Guid(5a5154b058816a2499c3d67aaad4561f) Importer(815301076,1909f56bfc062723c751e8b465ee728b)  -> (artifact id: '785e4492cb53d5c94051292e1ee04cc4') in 0.054514 seconds 
========================================================================
Received Import Request.
  Time since last request: 0.000097 seconds.
  path: Packages/com.unity.probuilder/Content/Icons/Toolbar/Selection_Loop_disabled.png
  artifactKey: Guid(f0334c0bc6d0e4053bbb3d22950b5ad5) Importer(815301076,1909f56bfc062723c751e8b465ee728b)
Start importing Packages/com.unity.probuilder/Content/Icons/Toolbar/Selection_Loop_disabled.png using Guid(f0334c0bc6d0e4053bbb3d22950b5ad5) Importer(815301076,1909f56bfc062723c751e8b465ee728b)  -> (artifact id: 'b3235d29b9e2a6ff7878c964e4a49edb') in 0.013384 seconds 
========================================================================
Received Import Request.
  Time since last request: 0.000098 seconds.
  path: Packages/com.unity.probuilder/Content/Icons/Toolbar/Selection_Rect_Complete.png
  artifactKey: Guid(07e89e2d154d04623b0fb96b6bfc29bf) Importer(815301076,1909f56bfc062723c751e8b465ee728b)
Start importing Packages/com.unity.probuilder/Content/Icons/Toolbar/Selection_Rect_Complete.png using Guid(07e89e2d154d04623b0fb96b6bfc29bf) Importer(815301076,1909f56bfc062723c751e8b465ee728b)  -> (artifact id: '6e73d09f7cd6168b4fe4c90901dc23cc') in 0.143238 seconds 
========================================================================
Received Import Request.
  Time since last request: 0.000094 seconds.
  path: Packages/com.unity.probuilder/Content/Icons/Modes/Mode_Edge_Light@2x.png
  artifactKey: Guid(ebfc53d04659c374ab1a2a808f472008) Importer(815301076,1909f56bfc062723c751e8b465ee728b)
Start importing Packages/com.unity.probuilder/Content/Icons/Modes/Mode_Edge_Light@2x.png using Guid(ebfc53d04659c374ab1a2a808f472008) Importer(815301076,1909f56bfc062723c751e8b465ee728b)  -> (artifact id: '6b0ffaa4a3ac6cfbabc3b6e008651b6c') in 0.022397 seconds 
========================================================================
Received Import Request.
  Time since last request: 0.000255 seconds.
  path: Packages/com.unity.probuilder/Content/Icons/Toolbar/Pivot_CenterOnElements_disabled.png
  artifactKey: Guid(cb4e6fc765183463cb5ab3522bfc607e) Importer(815301076,1909f56bfc062723c751e8b465ee728b)
Start importing Packages/com.unity.probuilder/Content/Icons/Toolbar/Pivot_CenterOnElements_disabled.png using Guid(cb4e6fc765183463cb5ab3522bfc607e) Importer(815301076,1909f56bfc062723c751e8b465ee728b)  -> (artifact id: '049998bcbf4472e81a2da12e65d0caef') in 0.148768 seconds 
========================================================================
Received Import Request.
  Time since last request: 0.000070 seconds.
  path: Packages/com.unity.probuilder/Content/Icons/Toolbar/Background/Selection_Normal_Horizontal.png
  artifactKey: Guid(26c24a6bf0ce7474c86da08fc5bc5dad) Importer(815301076,1909f56bfc062723c751e8b465ee728b)
Start importing Packages/com.unity.probuilder/Content/Icons/Toolbar/Background/Selection_Normal_Horizontal.png using Guid(26c24a6bf0ce7474c86da08fc5bc5dad) Importer(815301076,1909f56bfc062723c751e8b465ee728b)  -> (artifact id: '7fb964f2f16f8656d6347f4a73fc36e6') in 0.057492 seconds 
========================================================================
Received Import Request.
  Time since last request: 0.000109 seconds.
  path: Assets/TextMesh Pro/Resources/Fonts & Materials/LiberationSans SDF - Fallback.asset
  artifactKey: Guid(2e498d1c8094910479dc3e1b768306a4) Importer(815301076,1909f56bfc062723c751e8b465ee728b)
Start importing Assets/TextMesh Pro/Resources/Fonts & Materials/LiberationSans SDF - Fallback.asset using Guid(2e498d1c8094910479dc3e1b768306a4) Importer(815301076,1909f56bfc062723c751e8b465ee728b)  -> (artifact id: '63acc93f8333cff6af3953befece50c9') in 0.394134 seconds 
========================================================================
Received Import Request.
  Time since last request: 0.000100 seconds.
  path: Packages/com.unity.probuilder/Content/Icons/Toolbar/Selection_SelectByVertexColor.png
  artifactKey: Guid(fd32b78549c224927a6139e8252f89c4) Importer(815301076,1909f56bfc062723c751e8b465ee728b)
Start importing Packages/com.unity.probuilder/Content/Icons/Toolbar/Selection_SelectByVertexColor.png using Guid(fd32b78549c224927a6139e8252f89c4) Importer(815301076,1909f56bfc062723c751e8b465ee728b)  -> (artifact id: 'd6b5c6c19025180ebf09bfa0457204e8') in 0.039866 seconds 
========================================================================
Received Import Request.
  Time since last request: 0.000093 seconds.
  path: Packages/com.unity.probuilder/Content/Icons/Toolbar/Background/Object_Hover_Horizontal.png
  artifactKey: Guid(1d3700779bf8f4804b95e11d9d17ca0b) Importer(815301076,1909f56bfc062723c751e8b465ee728b)
Start importing Packages/com.unity.probuilder/Content/Icons/Toolbar/Background/Object_Hover_Horizontal.png using Guid(1d3700779bf8f4804b95e11d9d17ca0b) Importer(815301076,1909f56bfc062723c751e8b465ee728b)  -> (artifact id: 'd857d342c2aff62f4f2ab90d8ed49e52') in 0.052775 seconds 
========================================================================
Received Import Request.
  Time since last request: 0.000126 seconds.
  path: Assets/TextMesh Pro/Resources/Fonts & Materials/LiberationSans SDF.asset
  artifactKey: Guid(8f586378b4e144a9851e7b34d9b748ee) Importer(815301076,1909f56bfc062723c751e8b465ee728b)
Start importing Assets/TextMesh Pro/Resources/Fonts & Materials/LiberationSans SDF.asset using Guid(8f586378b4e144a9851e7b34d9b748ee) Importer(815301076,1909f56bfc062723c751e8b465ee728b)  -> (artifact id: 'feefe00a2d52f5aff09d601f4c0556fd') in 0.285924 seconds 
========================================================================
Received Import Request.
  Time since last request: 0.000099 seconds.
  path: Packages/com.unity.probuilder/Content/Icons/Toolbar/Selection_SelectBySmoothingGroup_disabled.png
  artifactKey: Guid(8bec663da129b44709d5b7ff7ddd153c) Importer(815301076,1909f56bfc062723c751e8b465ee728b)
Start importing Packages/com.unity.probuilder/Content/Icons/Toolbar/Selection_SelectBySmoothingGroup_disabled.png using Guid(8bec663da129b44709d5b7ff7ddd153c) Importer(815301076,1909f56bfc062723c751e8b465ee728b)  -> (artifact id: '3128cc9cd2d314353dc477468649bef4') in 0.326244 seconds 
========================================================================
Received Import Request.
  Time since last request: 0.000068 seconds.
  path: Packages/com.unity.probuilder/Content/Icons/Modes/Mode_Edge@2x.png
  artifactKey: Guid(d7aeba32eb7db614d82102cc538eda7a) Importer(815301076,1909f56bfc062723c751e8b465ee728b)
Start importing Packages/com.unity.probuilder/Content/Icons/Modes/Mode_Edge@2x.png using Guid(d7aeba32eb7db614d82102cc538eda7a) Importer(815301076,1909f56bfc062723c751e8b465ee728b)  -> (artifact id: '96c4507640885106f5f8320e98f5c5de') in 0.113690 seconds 
========================================================================
Received Import Request.
  Time since last request: 0.000075 seconds.
  path: Packages/com.unity.probuilder/Content/Icons/Modes/Mode_Face@2x.png
  artifactKey: Guid(80b71c9b7db4d6d40b1209e05434d07b) Importer(815301076,1909f56bfc062723c751e8b465ee728b)
Start importing Packages/com.unity.probuilder/Content/Icons/Modes/Mode_Face@2x.png using Guid(80b71c9b7db4d6d40b1209e05434d07b) Importer(815301076,1909f56bfc062723c751e8b465ee728b)  -> (artifact id: 'de1e39153c2b818d7169999be2b56206') in 0.034976 seconds 
========================================================================
Received Import Request.
  Time since last request: 0.000094 seconds.
  path: Packages/com.unity.probuilder/Content/Icons/Toolbar/Background/Selection_Hover_Horizontal.png
  artifactKey: Guid(2d1cee4861bafb948bf8becc744efd61) Importer(815301076,1909f56bfc062723c751e8b465ee728b)
Start importing Packages/com.unity.probuilder/Content/Icons/Toolbar/Background/Selection_Hover_Horizontal.png using Guid(2d1cee4861bafb948bf8becc744efd61) Importer(815301076,1909f56bfc062723c751e8b465ee728b)  -> (artifact id: '8c8cd2a2b7b4c5eb2b15c632479fabf4') in 0.057456 seconds 
========================================================================
Received Import Request.
  Time since last request: 0.000080 seconds.
  path: Packages/com.unity.probuilder/Content/Icons/Toolbar/Selection_Ring_Face.png
  artifactKey: Guid(cac1fca893e56468c9d18e0492d55653) Importer(815301076,1909f56bfc062723c751e8b465ee728b)
Start importing Packages/com.unity.probuilder/Content/Icons/Toolbar/Selection_Ring_Face.png using Guid(cac1fca893e56468c9d18e0492d55653) Importer(815301076,1909f56bfc062723c751e8b465ee728b)  -> (artifact id: '984a5d7f237a0d540131358fceac6925') in 0.026624 seconds 
========================================================================
Received Import Request.
  Time since last request: 0.000072 seconds.
  path: Packages/com.unity.probuilder/Content/Icons/Toolbar/Background/RoundedRect_Normal_Orange.png
  artifactKey: Guid(c1fff777063ac4cfda0ceb4a6fb818a2) Importer(815301076,1909f56bfc062723c751e8b465ee728b)
Start importing Packages/com.unity.probuilder/Content/Icons/Toolbar/Background/RoundedRect_Normal_Orange.png using Guid(c1fff777063ac4cfda0ceb4a6fb818a2) Importer(815301076,1909f56bfc062723c751e8b465ee728b)  -> (artifact id: 'be0fface0abfa692c70f2db0cfd504d8') in 0.105651 seconds 
========================================================================
Received Import Request.
  Time since last request: 0.000086 seconds.
  path: Packages/com.unity.probuilder/Content/Icons/Modes/Mode_Vertex_Light.png
  artifactKey: Guid(4461d11690c974f94b55e0295c5274eb) Importer(815301076,1909f56bfc062723c751e8b465ee728b)
Start importing Packages/com.unity.probuilder/Content/Icons/Modes/Mode_Vertex_Light.png using Guid(4461d11690c974f94b55e0295c5274eb) Importer(815301076,1909f56bfc062723c751e8b465ee728b)  -> (artifact id: 'dce8b955ef036d32ddda55b31fdc8d40') in 0.115712 seconds 
========================================================================
Received Import Request.
  Time since last request: 0.000097 seconds.
  path: Assets/StarfieldMaterials/Textures/Plain Starfields/PlainStarfield_03.png
  artifactKey: Guid(fcc746ac4fb800f41a7c1dd4bc0005ee) Importer(815301076,1909f56bfc062723c751e8b465ee728b)
Start importing Assets/StarfieldMaterials/Textures/Plain Starfields/PlainStarfield_03.png using Guid(fcc746ac4fb800f41a7c1dd4bc0005ee) Importer(815301076,1909f56bfc062723c751e8b465ee728b)  -> (artifact id: '1aa7cd16ee3a84dda68eaad348fbc364') in 0.106434 seconds 
========================================================================
Received Import Request.
  Time since last request: 0.000152 seconds.
  path: Packages/com.unity.probuilder/Content/Icons/Toolbar/Mode_Edge.png
  artifactKey: Guid(1cedd028e2b934968a4badb229f3bbfa) Importer(815301076,1909f56bfc062723c751e8b465ee728b)
Start importing Packages/com.unity.probuilder/Content/Icons/Toolbar/Mode_Edge.png using Guid(1cedd028e2b934968a4badb229f3bbfa) Importer(815301076,1909f56bfc062723c751e8b465ee728b)  -> (artifact id: '39d3c339f8be83e20b0e32f2009ef405') in 0.090120 seconds 
========================================================================
Received Import Request.
  Time since last request: 0.000090 seconds.
  path: Packages/com.unity.probuilder/Content/Icons/Toolbar/Background/RoundedRect_Pressed_Orange.png
  artifactKey: Guid(fc84a8874176645af9ce9b7f2182b3d8) Importer(815301076,1909f56bfc062723c751e8b465ee728b)
Start importing Packages/com.unity.probuilder/Content/Icons/Toolbar/Background/RoundedRect_Pressed_Orange.png using Guid(fc84a8874176645af9ce9b7f2182b3d8) Importer(815301076,1909f56bfc062723c751e8b465ee728b)  -> (artifact id: '833932df03a23f07cb8c7c2d93b6c820') in 0.031908 seconds 
========================================================================
Received Import Request.
  Time since last request: 0.000071 seconds.
  path: Packages/com.unity.probuilder/Content/Icons/Toolbar/Mode_Face.png
  artifactKey: Guid(7f77ca82d147447829f8cf2f6b62c503) Importer(815301076,1909f56bfc062723c751e8b465ee728b)
Start importing Packages/com.unity.probuilder/Content/Icons/Toolbar/Mode_Face.png using Guid(7f77ca82d147447829f8cf2f6b62c503) Importer(815301076,1909f56bfc062723c751e8b465ee728b)  -> (artifact id: '9601470c354f403a2e48659dbb68cc53') in 0.100432 seconds 
========================================================================
Received Import Request.
  Time since last request: 0.000094 seconds.
  path: Packages/com.unity.probuilder/Content/Icons/Toolbar/Background/Object_Pressed_Horizontal.png
  artifactKey: Guid(65eadc7e5577c458b87403498a117203) Importer(815301076,1909f56bfc062723c751e8b465ee728b)
Start importing Packages/com.unity.probuilder/Content/Icons/Toolbar/Background/Object_Pressed_Horizontal.png using Guid(65eadc7e5577c458b87403498a117203) Importer(815301076,1909f56bfc062723c751e8b465ee728b)  -> (artifact id: '84f9cc831ed9c1981d3b3f5524c042d5') in 0.091307 seconds 
========================================================================
Received Import Request.
  Time since last request: 0.000091 seconds.
  path: Packages/com.unity.probuilder/Content/Icons/Toolbar/Object_Merge_disabled.png
  artifactKey: Guid(c07b62d30e3124a66bca5735d1cbb0d9) Importer(815301076,1909f56bfc062723c751e8b465ee728b)
Start importing Packages/com.unity.probuilder/Content/Icons/Toolbar/Object_Merge_disabled.png using Guid(c07b62d30e3124a66bca5735d1cbb0d9) Importer(815301076,1909f56bfc062723c751e8b465ee728b)  -> (artifact id: 'f2cbfb4ddb3dec870d650fb8feef1f56') in 0.027861 seconds 
========================================================================
Received Import Request.
  Time since last request: 0.000072 seconds.
  path: Packages/com.unity.probuilder/Content/Icons/Toolbar/Pivot_CenterOnObject_disabled.png
  artifactKey: Guid(681feae1fa1564753add1c7f0d1f8201) Importer(815301076,1909f56bfc062723c751e8b465ee728b)
Start importing Packages/com.unity.probuilder/Content/Icons/Toolbar/Pivot_CenterOnObject_disabled.png using Guid(681feae1fa1564753add1c7f0d1f8201) Importer(815301076,1909f56bfc062723c751e8b465ee728b)  -> (artifact id: '636caaebba672f2a963749219b804f2e') in 0.052472 seconds 
========================================================================
Received Import Request.
  Time since last request: 0.000080 seconds.
  path: Packages/com.unity.probuilder/Content/Icons/Toolbar/Background/RoundedRect_Normal_BlueSteel.png
  artifactKey: Guid(b48bdede2d1f84662b3e62e0897572e2) Importer(815301076,1909f56bfc062723c751e8b465ee728b)
Start importing Packages/com.unity.probuilder/Content/Icons/Toolbar/Background/RoundedRect_Normal_BlueSteel.png using Guid(b48bdede2d1f84662b3e62e0897572e2) Importer(815301076,1909f56bfc062723c751e8b465ee728b)  -> (artifact id: '94372587c21acd0c019d0e84aaf500ed') in 0.032847 seconds 
========================================================================
Received Import Request.
  Time since last request: 0.000085 seconds.
  path: Packages/com.unity.probuilder/Content/Icons/Scripts/MeshFilter Icon.asset
  artifactKey: Guid(432b3086cebdc438d9d33de3669fb063) Importer(815301076,1909f56bfc062723c751e8b465ee728b)
Start importing Packages/com.unity.probuilder/Content/Icons/Scripts/MeshFilter Icon.asset using Guid(432b3086cebdc438d9d33de3669fb063) Importer(815301076,1909f56bfc062723c751e8b465ee728b)  -> (artifact id: '4d04968a36dbf9f95c8ce3776ac170a1') in 0.102735 seconds 
========================================================================
Received Import Request.
  Time since last request: 0.000097 seconds.
  path: Packages/com.unity.probuilder/Content/Icons/Modes/Mode_Vertex_Light@2x.png
  artifactKey: Guid(e3ca76e04e5a4dc44ae1118d1bab31ca) Importer(815301076,1909f56bfc062723c751e8b465ee728b)
Start importing Packages/com.unity.probuilder/Content/Icons/Modes/Mode_Vertex_Light@2x.png using Guid(e3ca76e04e5a4dc44ae1118d1bab31ca) Importer(815301076,1909f56bfc062723c751e8b465ee728b)  -> (artifact id: 'bc6231e355b0b7a45736400c8edcbbe9') in 0.027518 seconds 
========================================================================
Received Import Request.
  Time since last request: 0.000082 seconds.
  path: Packages/com.unity.probuilder/Content/Icons/Modes/Mode_Edge_Light.png
  artifactKey: Guid(d8b877e079e354f9282bff10c5e2d4b0) Importer(815301076,1909f56bfc062723c751e8b465ee728b)
Start importing Packages/com.unity.probuilder/Content/Icons/Modes/Mode_Edge_Light.png using Guid(d8b877e079e354f9282bff10c5e2d4b0) Importer(815301076,1909f56bfc062723c751e8b465ee728b)  -> (artifact id: 'd14a16811a5a0d6eefc79745358fa9c8') in 0.093173 seconds 
========================================================================
Received Import Request.
  Time since last request: 0.000086 seconds.
  path: Packages/com.unity.probuilder/Content/Icons/Toolbar/Background/Circle-22px_Hover.png
  artifactKey: Guid(72e91a236e4c6407ea89236b576032a5) Importer(815301076,1909f56bfc062723c751e8b465ee728b)
Start importing Packages/com.unity.probuilder/Content/Icons/Toolbar/Background/Circle-22px_Hover.png using Guid(72e91a236e4c6407ea89236b576032a5) Importer(815301076,1909f56bfc062723c751e8b465ee728b)  -> (artifact id: '46fc8b1097fba498a4442b174632a036') in 0.134011 seconds 
========================================================================
Received Import Request.
  Time since last request: 0.000095 seconds.
  path: Packages/com.unity.probuilder/Content/Icons/Tools/ShapeTool/Sphere@2x.png
  artifactKey: Guid(9d6b1e56a1b31ab4f9dc450952e94471) Importer(815301076,1909f56bfc062723c751e8b465ee728b)
Start importing Packages/com.unity.probuilder/Content/Icons/Tools/ShapeTool/Sphere@2x.png using Guid(9d6b1e56a1b31ab4f9dc450952e94471) Importer(815301076,1909f56bfc062723c751e8b465ee728b)  -> (artifact id: 'f2d9a039814d22495a23d260378dd12d') in 0.031711 seconds 
========================================================================
Received Import Request.
  Time since last request: 0.000079 seconds.
  path: Packages/com.unity.probuilder/Content/Icons/Tools/ShapeTool/Stairs@2x_Light.png
  artifactKey: Guid(84f11703040232d429af65cbd3ee982c) Importer(815301076,1909f56bfc062723c751e8b465ee728b)
Start importing Packages/com.unity.probuilder/Content/Icons/Tools/ShapeTool/Stairs@2x_Light.png using Guid(84f11703040232d429af65cbd3ee982c) Importer(815301076,1909f56bfc062723c751e8b465ee728b)  -> (artifact id: 'a6ddfd8e305779da3b4a3fcabea9efc1') in 0.056940 seconds 
========================================================================
Received Import Request.
  Time since last request: 0.000083 seconds.
  path: Packages/com.unity.probuilder/Content/Icons/Toolbar/Background/Tool_Pressed_Vertical.png
  artifactKey: Guid(83b19fe973562474c92f29a1228863b3) Importer(815301076,1909f56bfc062723c751e8b465ee728b)
Start importing Packages/com.unity.probuilder/Content/Icons/Toolbar/Background/Tool_Pressed_Vertical.png using Guid(83b19fe973562474c92f29a1228863b3) Importer(815301076,1909f56bfc062723c751e8b465ee728b)  -> (artifact id: '4c16e902f77dae178f3836007e3708c1') in 0.032235 seconds 
========================================================================
Received Import Request.
  Time since last request: 0.000071 seconds.
  path: Packages/com.unity.probuilder/Content/Icons/Tools/ShapeTool/Torus@2x_Light.png
  artifactKey: Guid(d91534e08df177b4c8e68cebc2ed1e5a) Importer(815301076,1909f56bfc062723c751e8b465ee728b)
Start importing Packages/com.unity.probuilder/Content/Icons/Tools/ShapeTool/Torus@2x_Light.png using Guid(d91534e08df177b4c8e68cebc2ed1e5a) Importer(815301076,1909f56bfc062723c751e8b465ee728b)  -> (artifact id: 'e02e9044b8351c4d1755eae3657a75d3') in 0.281150 seconds 
========================================================================
Received Import Request.
  Time since last request: 0.000073 seconds.
  path: Packages/com.unity.probuilder/Content/Icons/Tools/ShapeTool/on/Torus@2x.png
  artifactKey: Guid(9376ddfac7325884ca81430cfe1a6714) Importer(815301076,1909f56bfc062723c751e8b465ee728b)
Start importing Packages/com.unity.probuilder/Content/Icons/Tools/ShapeTool/on/Torus@2x.png using Guid(9376ddfac7325884ca81430cfe1a6714) Importer(815301076,1909f56bfc062723c751e8b465ee728b)  -> (artifact id: '130ee4f86405d5ffa65117ed39cc3678') in 0.020810 seconds 
========================================================================
Received Import Request.
  Time since last request: 0.000065 seconds.
  path: Packages/com.unity.probuilder/Content/Icons/Tools/ShapeTool/Stairs@2x.png
  artifactKey: Guid(ad00c1523308ff84fa1a975de7a4f150) Importer(815301076,1909f56bfc062723c751e8b465ee728b)
Start importing Packages/com.unity.probuilder/Content/Icons/Tools/ShapeTool/Stairs@2x.png using Guid(ad00c1523308ff84fa1a975de7a4f150) Importer(815301076,1909f56bfc062723c751e8b465ee728b)  -> (artifact id: 'ef589f28f88ac4cd66800f5b7ade7b16') in 0.026588 seconds 
========================================================================
Received Import Request.
  Time since last request: 0.000114 seconds.
  path: Packages/com.unity.probuilder/Content/Icons/Toolbar/Vert_Collapse.png
  artifactKey: Guid(212f6e5b4677e4aef89ab69f35bfd49b) Importer(815301076,1909f56bfc062723c751e8b465ee728b)
Start importing Packages/com.unity.probuilder/Content/Icons/Toolbar/Vert_Collapse.png using Guid(212f6e5b4677e4aef89ab69f35bfd49b) Importer(815301076,1909f56bfc062723c751e8b465ee728b)  -> (artifact id: '1e07bc6c64154313ac75883de8d5a561') in 0.060626 seconds 
========================================================================
Received Import Request.
  Time since last request: 0.000077 seconds.
  path: Packages/com.unity.probuilder/Content/Icons/Toolbar/Vert_Collapse_disabled.png
  artifactKey: Guid(caffb61cabfd24d8a9f552826409dd9c) Importer(815301076,1909f56bfc062723c751e8b465ee728b)
Start importing Packages/com.unity.probuilder/Content/Icons/Toolbar/Vert_Collapse_disabled.png using Guid(caffb61cabfd24d8a9f552826409dd9c) Importer(815301076,1909f56bfc062723c751e8b465ee728b)  -> (artifact id: 'e1e4f81f2e34cb5611eca9523944bfb1') in 0.016867 seconds 
========================================================================
Received Import Request.
  Time since last request: 0.000086 seconds.
  path: Packages/com.unity.probuilder/Content/Icons/Tools/ShapeTool/on/Sphere@2x.png
  artifactKey: Guid(8a94b25b61361b64dadad57f3a3481b6) Importer(815301076,1909f56bfc062723c751e8b465ee728b)
Start importing Packages/com.unity.probuilder/Content/Icons/Tools/ShapeTool/on/Sphere@2x.png using Guid(8a94b25b61361b64dadad57f3a3481b6) Importer(815301076,1909f56bfc062723c751e8b465ee728b)  -> (artifact id: '484a9962594449f6b719c56b22afae21') in 0.097033 seconds 
========================================================================
Received Import Request.
  Time since last request: 0.000118 seconds.
  path: Packages/com.unity.probuilder/Content/Icons/Toolbar/Background/Tool_Normal_Horizontal.png
  artifactKey: Guid(89890fa7d231845c0b41fed1b560c743) Importer(815301076,1909f56bfc062723c751e8b465ee728b)
Start importing Packages/com.unity.probuilder/Content/Icons/Toolbar/Background/Tool_Normal_Horizontal.png using Guid(89890fa7d231845c0b41fed1b560c743) Importer(815301076,1909f56bfc062723c751e8b465ee728b)  -> (artifact id: '710e00127012019b0fb806e657b9e772') in 0.030644 seconds 
========================================================================
Received Import Request.
  Time since last request: 0.000065 seconds.
  path: Packages/com.unity.probuilder/Content/Icons/Toolbar/Background/Tool_Normal_Vertical_Light.png
  artifactKey: Guid(5e317b3c4e183c2449d854624f710053) Importer(815301076,1909f56bfc062723c751e8b465ee728b)
Start importing Packages/com.unity.probuilder/Content/Icons/Toolbar/Background/Tool_Normal_Vertical_Light.png using Guid(5e317b3c4e183c2449d854624f710053) Importer(815301076,1909f56bfc062723c751e8b465ee728b)  -> (artifact id: 'd91d8314c59aa77e7b6a5bf76d180bb2') in 0.100736 seconds 
========================================================================
Received Import Request.
  Time since last request: 0.000076 seconds.
  path: Packages/com.unity.probuilder/Content/Icons/Tools/ShapeTool/Sprite_Light.png
  artifactKey: Guid(ead9ac35e4645134cac919aabeffe4b8) Importer(815301076,1909f56bfc062723c751e8b465ee728b)
Start importing Packages/com.unity.probuilder/Content/Icons/Tools/ShapeTool/Sprite_Light.png using Guid(ead9ac35e4645134cac919aabeffe4b8) Importer(815301076,1909f56bfc062723c751e8b465ee728b)  -> (artifact id: '5d4cda86a4f95d74551567da1df63b49') in 0.265421 seconds 
========================================================================
Received Import Request.
  Time since last request: 0.000085 seconds.
  path: Packages/com.unity.probuilder/Content/Icons/Toolbar/Background/Tool_Pressed_Horizontal.png
  artifactKey: Guid(8736de6dd61c54aefb727304512a99bd) Importer(815301076,1909f56bfc062723c751e8b465ee728b)
Start importing Packages/com.unity.probuilder/Content/Icons/Toolbar/Background/Tool_Pressed_Horizontal.png using Guid(8736de6dd61c54aefb727304512a99bd) Importer(815301076,1909f56bfc062723c751e8b465ee728b)  -> (artifact id: '67343675fd77f0c045097df811f247c5') in 0.108536 seconds 
========================================================================
Received Import Request.
  Time since last request: 0.000100 seconds.
  path: Packages/com.unity.probuilder/Content/Icons/Tools/ShapeTool/Sphere_Light.png
  artifactKey: Guid(6fee26175b0206b41aec451c63d48989) Importer(815301076,1909f56bfc062723c751e8b465ee728b)
Start importing Packages/com.unity.probuilder/Content/Icons/Tools/ShapeTool/Sphere_Light.png using Guid(6fee26175b0206b41aec451c63d48989) Importer(815301076,1909f56bfc062723c751e8b465ee728b)  -> (artifact id: '9e51589fe788de6dc0b901419a488ba4') in 0.188705 seconds 
========================================================================
Received Import Request.
  Time since last request: 0.000094 seconds.
  path: Packages/com.unity.probuilder/Content/Icons/Toolbar/Background/Tool_Normal_Horizontal_Light.png
  artifactKey: Guid(baaae9aa9de264f41bc675275ef13c43) Importer(815301076,1909f56bfc062723c751e8b465ee728b)
Start importing Packages/com.unity.probuilder/Content/Icons/Toolbar/Background/Tool_Normal_Horizontal_Light.png using Guid(baaae9aa9de264f41bc675275ef13c43) Importer(815301076,1909f56bfc062723c751e8b465ee728b)  -> (artifact id: 'e3e1a2bf26b980b2dd28a84e6dbbc97d') in 0.331172 seconds 
========================================================================
Received Import Request.
  Time since last request: 0.000098 seconds.
  path: Packages/com.unity.probuilder/Content/Icons/Tools/ShapeTool/on/Sprite@2x.png
  artifactKey: Guid(96312eb063a7d9647a0b394151460712) Importer(815301076,1909f56bfc062723c751e8b465ee728b)
Start importing Packages/com.unity.probuilder/Content/Icons/Tools/ShapeTool/on/Sprite@2x.png using Guid(96312eb063a7d9647a0b394151460712) Importer(815301076,1909f56bfc062723c751e8b465ee728b)  -> (artifact id: 'bcfb5345b1cac522da7677ab503aad5e') in 0.283746 seconds 
========================================================================
Received Import Request.
  Time since last request: 0.000097 seconds.
  path: Packages/com.unity.probuilder/Content/Icons/Tools/ShapeTool/Stairs.png
  artifactKey: Guid(db8ede24485cce14ca6db9839d7eb3f8) Importer(815301076,1909f56bfc062723c751e8b465ee728b)
Start importing Packages/com.unity.probuilder/Content/Icons/Tools/ShapeTool/Stairs.png using Guid(db8ede24485cce14ca6db9839d7eb3f8) Importer(815301076,1909f56bfc062723c751e8b465ee728b)  -> (artifact id: '77929f1dea7e2e71187faefbea3e8e3d') in 0.298200 seconds 
========================================================================
Received Import Request.
  Time since last request: 0.000082 seconds.
  path: Packages/com.unity.probuilder/Content/Icons/Toolbar/Object_Merge.png
  artifactKey: Guid(3dd24ef03b33b4f789b5e5869a8f175c) Importer(815301076,1909f56bfc062723c751e8b465ee728b)
Start importing Packages/com.unity.probuilder/Content/Icons/Toolbar/Object_Merge.png using Guid(3dd24ef03b33b4f789b5e5869a8f175c) Importer(815301076,1909f56bfc062723c751e8b465ee728b)  -> (artifact id: '5eab714829f36992204c90566d445ab5') in 0.019134 seconds 
========================================================================
Received Import Request.
  Time since last request: 0.000097 seconds.
  path: Packages/com.unity.probuilder/Content/Icons/Toolbar/HandleAlign_World.png
  artifactKey: Guid(07353549ad6f54463b035ea6bcc87fc8) Importer(815301076,1909f56bfc062723c751e8b465ee728b)
Start importing Packages/com.unity.probuilder/Content/Icons/Toolbar/HandleAlign_World.png using Guid(07353549ad6f54463b035ea6bcc87fc8) Importer(815301076,1909f56bfc062723c751e8b465ee728b)  -> (artifact id: '43dbe78363c0e1fa68d69880295b2a6e') in 0.017577 seconds 
========================================================================
Received Import Request.
  Time since last request: 0.000087 seconds.
  path: Packages/com.unity.probuilder/Content/Icons/Toolbar/Button_Normal_Horizontal.png
  artifactKey: Guid(2784dca559ce34a9a8e44028c547a3a0) Importer(815301076,1909f56bfc062723c751e8b465ee728b)
Start importing Packages/com.unity.probuilder/Content/Icons/Toolbar/Button_Normal_Horizontal.png using Guid(2784dca559ce34a9a8e44028c547a3a0) Importer(815301076,1909f56bfc062723c751e8b465ee728b)  -> (artifact id: '5ba96ea9d51a0e201885a06be96bd629') in 0.250401 seconds 
========================================================================
Received Import Request.
  Time since last request: 0.000103 seconds.
  path: Assets/Jonathan Foust/Demo Scene Assets/Materials/Bridge.png
  artifactKey: Guid(ea7c18a0bf66dae4186ed58234108fe5) Importer(815301076,1909f56bfc062723c751e8b465ee728b)
Start importing Assets/Jonathan Foust/Demo Scene Assets/Materials/Bridge.png using Guid(ea7c18a0bf66dae4186ed58234108fe5) Importer(815301076,1909f56bfc062723c751e8b465ee728b)  -> (artifact id: 'a43ae7d7a6733aabfc1b6e70fd221280') in 0.830628 seconds 
========================================================================
Received Import Request.
  Time since last request: 0.000116 seconds.
  path: Packages/com.unity.probuilder/Content/Icons/Tools/ShapeTool/Torus@2x.png
  artifactKey: Guid(8bc20ca7049b5ae44a2571f02344eee3) Importer(815301076,1909f56bfc062723c751e8b465ee728b)
Start importing Packages/com.unity.probuilder/Content/Icons/Tools/ShapeTool/Torus@2x.png using Guid(8bc20ca7049b5ae44a2571f02344eee3) Importer(815301076,1909f56bfc062723c751e8b465ee728b)  -> (artifact id: '3b6b9e02926a4d810ea0fe00ce9a6d32') in 0.132014 seconds 
========================================================================
Received Import Request.
  Time since last request: 0.000114 seconds.
  path: Packages/com.unity.probuilder/Content/Icons/Toolbar/Background/Object_Hover_Vertical_Light.png
  artifactKey: Guid(e4c2bc896f93f524997255fa7d6384a9) Importer(815301076,1909f56bfc062723c751e8b465ee728b)
Start importing Packages/com.unity.probuilder/Content/Icons/Toolbar/Background/Object_Hover_Vertical_Light.png using Guid(e4c2bc896f93f524997255fa7d6384a9) Importer(815301076,1909f56bfc062723c751e8b465ee728b)  -> (artifact id: 'c65e4e5ed7d39cb3006bb68a28923b8e') in 0.021283 seconds 
========================================================================
Received Import Request.
  Time since last request: 0.000144 seconds.
  path: Packages/com.unity.probuilder/Content/Icons/Toolbar/Selection_Ring_disabled.png
  artifactKey: Guid(12a20356f49f84fcba632c43573fe1f4) Importer(815301076,1909f56bfc062723c751e8b465ee728b)
Start importing Packages/com.unity.probuilder/Content/Icons/Toolbar/Selection_Ring_disabled.png using Guid(12a20356f49f84fcba632c43573fe1f4) Importer(815301076,1909f56bfc062723c751e8b465ee728b)  -> (artifact id: '4b1160c7a97ae9c84f1d618eb92787d5') in 0.040283 seconds 
========================================================================
Received Import Request.
  Time since last request: 0.000077 seconds.
  path: Packages/com.unity.probuilder/Content/Material/Textures/Checker.png
  artifactKey: Guid(2b3b02d65d5a24a20a12332c4125d74b) Importer(815301076,1909f56bfc062723c751e8b465ee728b)
Start importing Packages/com.unity.probuilder/Content/Material/Textures/Checker.png using Guid(2b3b02d65d5a24a20a12332c4125d74b) Importer(815301076,1909f56bfc062723c751e8b465ee728b)  -> (artifact id: '55f84eb68bcc985a5b09dbae8b168a5e') in 0.124601 seconds 
========================================================================
Received Import Request.
  Time since last request: 0.000073 seconds.
  path: Packages/com.unity.probuilder/Content/Icons/Toolbar/Background/RoundedRect_Pressed_BlueSteel.png
  artifactKey: Guid(681e960584a3e4b2ebbb9913f2f70263) Importer(815301076,1909f56bfc062723c751e8b465ee728b)
Start importing Packages/com.unity.probuilder/Content/Icons/Toolbar/Background/RoundedRect_Pressed_BlueSteel.png using Guid(681e960584a3e4b2ebbb9913f2f70263) Importer(815301076,1909f56bfc062723c751e8b465ee728b)  -> (artifact id: '82cec2f22622735abe1854024bc1728a') in 0.021840 seconds 
========================================================================
Received Import Request.
  Time since last request: 0.000140 seconds.
  path: Packages/com.unity.probuilder/Content/Icons/Toolbar/Background/Tool_Pressed_Horizontal_Light.png
  artifactKey: Guid(efa4e3bc68af3dc45bf0b4ff2a150570) Importer(815301076,1909f56bfc062723c751e8b465ee728b)
Start importing Packages/com.unity.probuilder/Content/Icons/Toolbar/Background/Tool_Pressed_Horizontal_Light.png using Guid(efa4e3bc68af3dc45bf0b4ff2a150570) Importer(815301076,1909f56bfc062723c751e8b465ee728b)  -> (artifact id: 'f52aa1f3cc393f82fa749e942226bf46') in 0.030931 seconds 
========================================================================
Received Import Request.
  Time since last request: 0.000072 seconds.
  path: Packages/com.unity.probuilder/Content/Icons/Toolbar/Background/RoundedRect_Pressed.png
  artifactKey: Guid(cefb6a103e7404b398ec3189c6b085f8) Importer(815301076,1909f56bfc062723c751e8b465ee728b)
Start importing Packages/com.unity.probuilder/Content/Icons/Toolbar/Background/RoundedRect_Pressed.png using Guid(cefb6a103e7404b398ec3189c6b085f8) Importer(815301076,1909f56bfc062723c751e8b465ee728b)  -> (artifact id: '994c87ab1a8181a21969e85c21b0704d') in 0.090521 seconds 
========================================================================
Received Import Request.
  Time since last request: 0.000094 seconds.
  path: Assets/Jonathan Foust/Materials/Neat Leaf Normal Texture.png
  artifactKey: Guid(bf18fcdee2eb6024c9f91b87b58dd878) Importer(815301076,1909f56bfc062723c751e8b465ee728b)
Start importing Assets/Jonathan Foust/Materials/Neat Leaf Normal Texture.png using Guid(bf18fcdee2eb6024c9f91b87b58dd878) Importer(815301076,1909f56bfc062723c751e8b465ee728b)  -> (artifact id: '82006f5b351c7772fba32677faf8989f') in 0.181909 seconds 
========================================================================
Received Import Request.
  Time since last request: 0.000067 seconds.
  path: Packages/com.unity.probuilder/Content/Icons/Toolbar/Background/RoundedRect_Normal_Blue.png
  artifactKey: Guid(761c6090fc3a4463c8313e83a32f2165) Importer(815301076,1909f56bfc062723c751e8b465ee728b)
Start importing Packages/com.unity.probuilder/Content/Icons/Toolbar/Background/RoundedRect_Normal_Blue.png using Guid(761c6090fc3a4463c8313e83a32f2165) Importer(815301076,1909f56bfc062723c751e8b465ee728b)  -> (artifact id: 'ed3277b4e414dc16157a21a7d110b66f') in 0.177161 seconds 
========================================================================
Received Import Request.
  Time since last request: 0.000102 seconds.
  path: Assets/StarfieldMaterials/Textures/Plain Starfields/PlainStarfield_01.png
  artifactKey: Guid(a63e1f65418ac804b89b705260d13a16) Importer(815301076,1909f56bfc062723c751e8b465ee728b)
Start importing Assets/StarfieldMaterials/Textures/Plain Starfields/PlainStarfield_01.png using Guid(a63e1f65418ac804b89b705260d13a16) Importer(815301076,1909f56bfc062723c751e8b465ee728b)  -> (artifact id: '9a5a298cd545491227f959cf800b63c4') in 0.095523 seconds 
========================================================================
Received Import Request.
  Time since last request: 0.000119 seconds.
  path: Packages/com.unity.probuilder/Content/Icons/Toolbar/Object_Mirror.png
  artifactKey: Guid(f62ae14c596ce4e8baec2ac12e0325cb) Importer(815301076,1909f56bfc062723c751e8b465ee728b)
Start importing Packages/com.unity.probuilder/Content/Icons/Toolbar/Object_Mirror.png using Guid(f62ae14c596ce4e8baec2ac12e0325cb) Importer(815301076,1909f56bfc062723c751e8b465ee728b)  -> (artifact id: 'fd82701a84c1df34aa3093ef8fc4ea86') in 0.259620 seconds 
========================================================================
Received Import Request.
  Time since last request: 0.000081 seconds.
  path: Packages/com.unity.probuilder/Content/Icons/Tools/ShapeTool/Sprite_Light@2x.png
  artifactKey: Guid(00e4f99de3d7dfa458b8121ffc287623) Importer(815301076,1909f56bfc062723c751e8b465ee728b)
Start importing Packages/com.unity.probuilder/Content/Icons/Tools/ShapeTool/Sprite_Light@2x.png using Guid(00e4f99de3d7dfa458b8121ffc287623) Importer(815301076,1909f56bfc062723c751e8b465ee728b)  -> (artifact id: '3245f2b4a20fccb8ceea55b3f656a18d') in 0.059760 seconds 
========================================================================
Received Import Request.
  Time since last request: 0.000118 seconds.
  path: Assets/StarfieldMaterials/Textures/Plain Starfields/PlainStarfield_02.png
  artifactKey: Guid(d2c0af12fa3f7c5439d9ac9177aa6a9f) Importer(815301076,1909f56bfc062723c751e8b465ee728b)
Start importing Assets/StarfieldMaterials/Textures/Plain Starfields/PlainStarfield_02.png using Guid(d2c0af12fa3f7c5439d9ac9177aa6a9f) Importer(815301076,1909f56bfc062723c751e8b465ee728b)  -> (artifact id: 'dc8c9f9e065e77c47d7a186005a944ac') in 0.325380 seconds 
========================================================================
Received Import Request.
  Time since last request: 0.000127 seconds.
  path: Packages/com.unity.probuilder/Content/Icons/Tools/ShapeTool/Capsule_Light.png
  artifactKey: Guid(8751686afdf688e4d80b989236c74d94) Importer(815301076,1909f56bfc062723c751e8b465ee728b)
Start importing Packages/com.unity.probuilder/Content/Icons/Tools/ShapeTool/Capsule_Light.png using Guid(8751686afdf688e4d80b989236c74d94) Importer(815301076,1909f56bfc062723c751e8b465ee728b)  -> (artifact id: 'f9f92cdd62e381426a1d60e6804ad911') in 0.016729 seconds 
========================================================================
Received Import Request.
  Time since last request: 0.000181 seconds.
  path: Packages/com.unity.probuilder/Content/Icons/Tools/ShapeTool/on/Sprite.png
  artifactKey: Guid(697da9bd8aab3e74c9dd8fade1457ae5) Importer(815301076,1909f56bfc062723c751e8b465ee728b)
Start importing Packages/com.unity.probuilder/Content/Icons/Tools/ShapeTool/on/Sprite.png using Guid(697da9bd8aab3e74c9dd8fade1457ae5) Importer(815301076,1909f56bfc062723c751e8b465ee728b)  -> (artifact id: '17f53e279fd54adcdf75f6fe34f79179') in 0.236946 seconds 
========================================================================
Received Import Request.
  Time since last request: 0.000092 seconds.
  path: Packages/com.unity.probuilder/Content/Icons/Toolbar/Bezier_Aligned.png
  artifactKey: Guid(bf4846dc2a1a844a29268dbc71f1c454) Importer(815301076,1909f56bfc062723c751e8b465ee728b)
Start importing Packages/com.unity.probuilder/Content/Icons/Toolbar/Bezier_Aligned.png using Guid(bf4846dc2a1a844a29268dbc71f1c454) Importer(815301076,1909f56bfc062723c751e8b465ee728b)  -> (artifact id: 'badeb61af0a168716d47298578d9f41a') in 0.112312 seconds 
========================================================================
Received Import Request.
  Time since last request: 0.000086 seconds.
  path: Packages/com.unity.probuilder/Content/Icons/Toolbar/Selection_SelectBySmoothingGroup.png
  artifactKey: Guid(eb21164897b574d6b8a0c05c9d672652) Importer(815301076,1909f56bfc062723c751e8b465ee728b)
Start importing Packages/com.unity.probuilder/Content/Icons/Toolbar/Selection_SelectBySmoothingGroup.png using Guid(eb21164897b574d6b8a0c05c9d672652) Importer(815301076,1909f56bfc062723c751e8b465ee728b)  -> (artifact id: '2062756490b3a859c124692da46490e2') in 0.106533 seconds 
========================================================================
Received Import Request.
  Time since last request: 0.000128 seconds.
  path: Packages/com.unity.probuilder/Content/Icons/Toolbar/Object_Mirror_disabled.png
  artifactKey: Guid(23809919cfbb5422c8c41a5ab9109723) Importer(815301076,1909f56bfc062723c751e8b465ee728b)
Start importing Packages/com.unity.probuilder/Content/Icons/Toolbar/Object_Mirror_disabled.png using Guid(23809919cfbb5422c8c41a5ab9109723) Importer(815301076,1909f56bfc062723c751e8b465ee728b)  -> (artifact id: 'c9b3769848fdb83087e7d44fc5623c40') in 0.056759 seconds 
========================================================================
Received Import Request.
  Time since last request: 0.000091 seconds.
  path: Packages/com.unity.probuilder/Content/Icons/Tools/ShapeTool/Sprite.png
  artifactKey: Guid(9d971e1338f705046a6f346777dbf801) Importer(815301076,1909f56bfc062723c751e8b465ee728b)
Start importing Packages/com.unity.probuilder/Content/Icons/Tools/ShapeTool/Sprite.png using Guid(9d971e1338f705046a6f346777dbf801) Importer(815301076,1909f56bfc062723c751e8b465ee728b)  -> (artifact id: '304b274417dbe09ee77463ceda9aec61') in 0.098318 seconds 
========================================================================
Received Import Request.
  Time since last request: 0.000114 seconds.
  path: Packages/com.unity.probuilder/Content/Icons/Tools/ShapeTool/on/Stair@2x.png
  artifactKey: Guid(d672df2ef6f6d8941988529120f24d5e) Importer(815301076,1909f56bfc062723c751e8b465ee728b)
Start importing Packages/com.unity.probuilder/Content/Icons/Tools/ShapeTool/on/Stair@2x.png using Guid(d672df2ef6f6d8941988529120f24d5e) Importer(815301076,1909f56bfc062723c751e8b465ee728b)  -> (artifact id: '8d1eda59072e985c17b1e66c7386ae64') in 0.033520 seconds 
========================================================================
Received Import Request.
  Time since last request: 0.249340 seconds.
  path: Packages/com.unity.probuilder/Content/Icons/Toolbar/Selection_SelectHidden-ON.png
  artifactKey: Guid(a8f9f8e9ccf234b838fd410a9275fa27) Importer(815301076,1909f56bfc062723c751e8b465ee728b)
Start importing Packages/com.unity.probuilder/Content/Icons/Toolbar/Selection_SelectHidden-ON.png using Guid(a8f9f8e9ccf234b838fd410a9275fa27) Importer(815301076,1909f56bfc062723c751e8b465ee728b)  -> (artifact id: 'c704dea83d40cf3b614b0c63e5372144') in 0.048911 seconds 
========================================================================
Received Import Request.
  Time since last request: 0.000162 seconds.
  path: Packages/com.unity.probuilder/Content/Icons/Toolbar/ShowNextPage_Down_Light.png
  artifactKey: Guid(ff2a8c4441118cd408c6cb306b954afb) Importer(815301076,1909f56bfc062723c751e8b465ee728b)
Start importing Packages/com.unity.probuilder/Content/Icons/Toolbar/ShowNextPage_Down_Light.png using Guid(ff2a8c4441118cd408c6cb306b954afb) Importer(815301076,1909f56bfc062723c751e8b465ee728b)  -> (artifact id: 'eadc1defd52e93e05b1e2d3f2db1e50b') in 0.040707 seconds 
========================================================================
Received Import Request.
  Time since last request: 0.000073 seconds.
  path: Assets/StarfieldMaterials/Textures/SingleNeb/SingleNeb_03.png
  artifactKey: Guid(1987bbe697e48644e83c89f4defc77a2) Importer(815301076,1909f56bfc062723c751e8b465ee728b)
Start importing Assets/StarfieldMaterials/Textures/SingleNeb/SingleNeb_03.png using Guid(1987bbe697e48644e83c89f4defc77a2) Importer(815301076,1909f56bfc062723c751e8b465ee728b)  -> (artifact id: '49528b27427cb59072c081f58a5036d2') in 0.123837 seconds 
========================================================================
Received Import Request.
  Time since last request: 0.000075 seconds.
  path: Packages/com.unity.probuilder/Content/Icons/Toolbar/ShowNextPage_Down.png
  artifactKey: Guid(79459c0d618c144a894f23f3264a460f) Importer(815301076,1909f56bfc062723c751e8b465ee728b)
Start importing Packages/com.unity.probuilder/Content/Icons/Toolbar/ShowNextPage_Down.png using Guid(79459c0d618c144a894f23f3264a460f) Importer(815301076,1909f56bfc062723c751e8b465ee728b)  -> (artifact id: 'c35f46721c24a2171235e7945c3b81ac') in 0.017813 seconds 
========================================================================
Received Import Request.
  Time since last request: 0.000090 seconds.
  path: Packages/com.unity.probuilder/Content/Icons/Toolbar/Selection_ShiftAdd.png
  artifactKey: Guid(355d6186c739f4e57b30cd51ded99471) Importer(815301076,1909f56bfc062723c751e8b465ee728b)
Start importing Packages/com.unity.probuilder/Content/Icons/Toolbar/Selection_ShiftAdd.png using Guid(355d6186c739f4e57b30cd51ded99471) Importer(815301076,1909f56bfc062723c751e8b465ee728b)  -> (artifact id: '6eb04a0c777bdcac6b5ebfde9aa5ac42') in 0.288897 seconds 
========================================================================
Received Import Request.
  Time since last request: 0.000070 seconds.
  path: Packages/com.unity.probuilder/Content/Icons/Toolbar/ShowNextPage_Left.png
  artifactKey: Guid(1f490d722029243d6b79a63a83914eb2) Importer(815301076,1909f56bfc062723c751e8b465ee728b)
Start importing Packages/com.unity.probuilder/Content/Icons/Toolbar/ShowNextPage_Left.png using Guid(1f490d722029243d6b79a63a83914eb2) Importer(815301076,1909f56bfc062723c751e8b465ee728b)  -> (artifact id: '747acf8c23f9d43c56f6b9ee8e11feff') in 0.258009 seconds 
========================================================================
Received Import Request.
  Time since last request: 0.000118 seconds.
  path: Assets/StarfieldMaterials/Textures/SingleNeb/SingleNeb_09.png
  artifactKey: Guid(1a0be4ce8ad331141b7759d94dac84f1) Importer(815301076,1909f56bfc062723c751e8b465ee728b)
Start importing Assets/StarfieldMaterials/Textures/SingleNeb/SingleNeb_09.png using Guid(1a0be4ce8ad331141b7759d94dac84f1) Importer(815301076,1909f56bfc062723c751e8b465ee728b)  -> (artifact id: '778f33157296824ba373f4acdba22dfe') in 0.353298 seconds 
========================================================================
Received Import Request.
  Time since last request: 0.000104 seconds.
  path: Packages/com.unity.probuilder/Content/Icons/Tools/ShapeTool/on/Sphere.png
  artifactKey: Guid(cdd0908a37d2fa84980f8867a676049b) Importer(815301076,1909f56bfc062723c751e8b465ee728b)
Start importing Packages/com.unity.probuilder/Content/Icons/Tools/ShapeTool/on/Sphere.png using Guid(cdd0908a37d2fa84980f8867a676049b) Importer(815301076,1909f56bfc062723c751e8b465ee728b)  -> (artifact id: '1d5b3c1b53de12528368f7ac13e66381') in 0.989441 seconds 
========================================================================
Received Import Request.
  Time since last request: 0.000133 seconds.
  path: Packages/com.unity.probuilder/Content/Icons/Toolbar/ShowNextPage_Up_Light.png
  artifactKey: Guid(34379e6167521e8419425291807d4eb6) Importer(815301076,1909f56bfc062723c751e8b465ee728b)
Start importing Packages/com.unity.probuilder/Content/Icons/Toolbar/ShowNextPage_Up_Light.png using Guid(34379e6167521e8419425291807d4eb6) Importer(815301076,1909f56bfc062723c751e8b465ee728b)  -> (artifact id: '84e47d8de1bf5366e864bf6ea302d0b6') in 0.379926 seconds 
========================================================================
Received Import Request.
  Time since last request: 0.000115 seconds.
  path: Assets/Jonathan Foust/Demo Scene Assets/Materials/Walkway.png
  artifactKey: Guid(bfc552a2f3df29c40807b1de2816d39a) Importer(815301076,1909f56bfc062723c751e8b465ee728b)
Start importing Assets/Jonathan Foust/Demo Scene Assets/Materials/Walkway.png using Guid(bfc552a2f3df29c40807b1de2816d39a) Importer(815301076,1909f56bfc062723c751e8b465ee728b)  -> (artifact id: '354e00d2c1a74d30d67ab70d76a357d2') in 0.450933 seconds 
========================================================================
Received Import Request.
  Time since last request: 0.000098 seconds.
  path: Packages/com.unity.probuilder/Content/Icons/Toolbar/Vert_Weld.png
  artifactKey: Guid(c0b06baa896f142f09a15698ea90e521) Importer(815301076,1909f56bfc062723c751e8b465ee728b)
Start importing Packages/com.unity.probuilder/Content/Icons/Toolbar/Vert_Weld.png using Guid(c0b06baa896f142f09a15698ea90e521) Importer(815301076,1909f56bfc062723c751e8b465ee728b)  -> (artifact id: 'ede62fe6c14b037f2bd3a924f6607b2a') in 0.192999 seconds 
========================================================================
Received Import Request.
  Time since last request: 0.000122 seconds.
  path: Packages/com.unity.probuilder/Content/Icons/Toolbar/Vert_Connect.png
  artifactKey: Guid(c4ae117c3220f4b4bb6a24ad586caafa) Importer(815301076,1909f56bfc062723c751e8b465ee728b)
Start importing Packages/com.unity.probuilder/Content/Icons/Toolbar/Vert_Connect.png using Guid(c4ae117c3220f4b4bb6a24ad586caafa) Importer(815301076,1909f56bfc062723c751e8b465ee728b)  -> (artifact id: '9e3753cf7f0724ed0f6d38d295e1570b') in 0.108506 seconds 
========================================================================
Received Import Request.
  Time since last request: 0.000081 seconds.
  path: Packages/com.unity.probuilder/Content/Icons/Toolbar/Vert_Weld_disabled.png
  artifactKey: Guid(e80a17b3ac06e4a09b213b658fb3a2da) Importer(815301076,1909f56bfc062723c751e8b465ee728b)
Start importing Packages/com.unity.probuilder/Content/Icons/Toolbar/Vert_Weld_disabled.png using Guid(e80a17b3ac06e4a09b213b658fb3a2da) Importer(815301076,1909f56bfc062723c751e8b465ee728b)  -> (artifact id: 'ea567e8d90ade9a8c55f1c0bc9d0401e') in 0.142717 seconds 
========================================================================
Received Import Request.
  Time since last request: 0.000087 seconds.
  path: Assets/StarfieldMaterials/Textures/SingleNeb/SingleNeb_07.png
  artifactKey: Guid(234956b9f0f6d3342949e325b64b22db) Importer(815301076,1909f56bfc062723c751e8b465ee728b)
Start importing Assets/StarfieldMaterials/Textures/SingleNeb/SingleNeb_07.png using Guid(234956b9f0f6d3342949e325b64b22db) Importer(815301076,1909f56bfc062723c751e8b465ee728b)  -> (artifact id: '5279307d6982439306b51508448a1314') in 0.454409 seconds 
========================================================================
Received Import Request.
  Time since last request: 0.000089 seconds.
  path: Assets/StarfieldMaterials/Textures/SingleNeb/SingleNeb_04.png
  artifactKey: Guid(d9a44efbb7762a94695e1a651bff8940) Importer(815301076,1909f56bfc062723c751e8b465ee728b)
Start importing Assets/StarfieldMaterials/Textures/SingleNeb/SingleNeb_04.png using Guid(d9a44efbb7762a94695e1a651bff8940) Importer(815301076,1909f56bfc062723c751e8b465ee728b)  -> (artifact id: '2cb40bd99de4a0582130e74bfb2519c0') in 0.262646 seconds 
========================================================================
Received Import Request.
  Time since last request: 0.000104 seconds.
  path: Packages/com.unity.probuilder/Content/Icons/Scene/SelectionRect.png
  artifactKey: Guid(493bda9d2800a4516b04e170719fe521) Importer(815301076,1909f56bfc062723c751e8b465ee728b)
Start importing Packages/com.unity.probuilder/Content/Icons/Scene/SelectionRect.png using Guid(493bda9d2800a4516b04e170719fe521) Importer(815301076,1909f56bfc062723c751e8b465ee728b)  -> (artifact id: '2356c5522e5cbf9476f6a7865a24f584') in 0.255427 seconds 
========================================================================
Received Import Request.
  Time since last request: 0.000073 seconds.
  path: Packages/com.unity.probuilder/Content/Icons/Toolbar/Vert_Split_disabled.png
  artifactKey: Guid(a43c02bb4073847f7b8d45b92d46259c) Importer(815301076,1909f56bfc062723c751e8b465ee728b)
Start importing Packages/com.unity.probuilder/Content/Icons/Toolbar/Vert_Split_disabled.png using Guid(a43c02bb4073847f7b8d45b92d46259c) Importer(815301076,1909f56bfc062723c751e8b465ee728b)  -> (artifact id: '8e15d5e3e4b8178c63c707654cd36eda') in 0.025395 seconds 
========================================================================
Received Import Request.
  Time since last request: 17.194346 seconds.
  path: Assets/Jonathan Foust/Materials/Rafflesia Texture.png
  artifactKey: Guid(0c3a331ab476fc649a11687037448b69) Importer(815301076,1909f56bfc062723c751e8b465ee728b)
Start importing Assets/Jonathan Foust/Materials/Rafflesia Texture.png using Guid(0c3a331ab476fc649a11687037448b69) Importer(815301076,1909f56bfc062723c751e8b465ee728b)  -> (artifact id: '9aff0aae23d0a1dec24d56b3b477d791') in 0.184082 seconds 
========================================================================
Received Import Request.
  Time since last request: 0.000109 seconds.
  path: Packages/com.unity.probuilder/Content/Icons/UVEditor/ProBuilderGUI_UV_Manip_Off.png
  artifactKey: Guid(637899925569746a3ac6f0b2b9b3d906) Importer(815301076,1909f56bfc062723c751e8b465ee728b)
Start importing Packages/com.unity.probuilder/Content/Icons/UVEditor/ProBuilderGUI_UV_Manip_Off.png using Guid(637899925569746a3ac6f0b2b9b3d906) Importer(815301076,1909f56bfc062723c751e8b465ee728b)  -> (artifact id: '37af69c3b1cbafafd46bfb69c2f4ab0b') in 0.028762 seconds 
========================================================================
Received Import Request.
  Time since last request: 1.224308 seconds.
  path: Packages/com.unity.probuilder/Content/Icons/Tools/ShapeTool/Prism.png
  artifactKey: Guid(7a2b4f63449e4bf41884255606dfa343) Importer(815301076,1909f56bfc062723c751e8b465ee728b)
Start importing Packages/com.unity.probuilder/Content/Icons/Tools/ShapeTool/Prism.png using Guid(7a2b4f63449e4bf41884255606dfa343) Importer(815301076,1909f56bfc062723c751e8b465ee728b)  -> (artifact id: '58b39fd4cc97e40b65e499000c22fe57') in 0.121847 seconds 
========================================================================
Received Import Request.
  Time since last request: 4.146065 seconds.
  path: Assets/Jonathan Foust/Materials/Fan Leaf and Sanchezia Star Texture.png
  artifactKey: Guid(2a443759509c478459f45cc68c21a7a2) Importer(815301076,1909f56bfc062723c751e8b465ee728b)
Start importing Assets/Jonathan Foust/Materials/Fan Leaf and Sanchezia Star Texture.png using Guid(2a443759509c478459f45cc68c21a7a2) Importer(815301076,1909f56bfc062723c751e8b465ee728b)  -> (artifact id: 'bb2de244670f689a6dc2dc5f0185111a') in 0.120205 seconds 
========================================================================
Received Import Request.
  Time since last request: 0.000091 seconds.
  path: Assets/Jonathan Foust/Materials/Fish-Hook Kelp 3 Texture.png
  artifactKey: Guid(6efb18aa8f6f03f46bb78c7a89ba8d37) Importer(815301076,1909f56bfc062723c751e8b465ee728b)
Start importing Assets/Jonathan Foust/Materials/Fish-Hook Kelp 3 Texture.png using Guid(6efb18aa8f6f03f46bb78c7a89ba8d37) Importer(815301076,1909f56bfc062723c751e8b465ee728b)  -> (artifact id: '71a87f697a7a4e2b063bf7d23448f4a2') in 0.292343 seconds 
========================================================================
Received Import Request.
  Time since last request: 0.000075 seconds.
  path: Assets/Jonathan Foust/Materials/Fish-Hook Kelp Normal Texture.png
  artifactKey: Guid(8f72590d5ae954b4ba8a1642698803bc) Importer(815301076,1909f56bfc062723c751e8b465ee728b)
Start importing Assets/Jonathan Foust/Materials/Fish-Hook Kelp Normal Texture.png using Guid(8f72590d5ae954b4ba8a1642698803bc) Importer(815301076,1909f56bfc062723c751e8b465ee728b)  -> (artifact id: '0a103ca61582d80f2bafa8a35ac2de53') in 0.868583 seconds 
========================================================================
Received Import Request.
  Time since last request: 2.688853 seconds.
  path: Packages/com.unity.probuilder/Content/Icons/Toolbar/Edge_InsertLoop_disabled.png
  artifactKey: Guid(0c2118973b15a41de89e16923ee7d23d) Importer(815301076,1909f56bfc062723c751e8b465ee728b)
Start importing Packages/com.unity.probuilder/Content/Icons/Toolbar/Edge_InsertLoop_disabled.png using Guid(0c2118973b15a41de89e16923ee7d23d) Importer(815301076,1909f56bfc062723c751e8b465ee728b)  -> (artifact id: '3eda32aaa22ded3ed304eb98e194e9ce') in 0.117307 seconds 
========================================================================
Received Import Request.
  Time since last request: 0.000083 seconds.
  path: Packages/com.unity.probuilder/Content/Icons/Tools/ShapeTool/Door.png
  artifactKey: Guid(2aae95362d9092446b7e52e5eef542f7) Importer(815301076,1909f56bfc062723c751e8b465ee728b)
Start importing Packages/com.unity.probuilder/Content/Icons/Tools/ShapeTool/Door.png using Guid(2aae95362d9092446b7e52e5eef542f7) Importer(815301076,1909f56bfc062723c751e8b465ee728b)  -> (artifact id: 'adba3a55b6c4b99692d8a3e3c25ec910') in 0.253098 seconds 
========================================================================
Received Import Request.
  Time since last request: 0.000110 seconds.
  path: Packages/com.unity.probuilder/Content/Icons/Tools/EditShape.png
  artifactKey: Guid(cbfec015ad070dd4493bdf6c736c6e92) Importer(815301076,1909f56bfc062723c751e8b465ee728b)
Start importing Packages/com.unity.probuilder/Content/Icons/Tools/EditShape.png using Guid(cbfec015ad070dd4493bdf6c736c6e92) Importer(815301076,1909f56bfc062723c751e8b465ee728b)  -> (artifact id: '00df6424c83eb787d19b6af11f857ebd') in 0.210549 seconds 
========================================================================
Received Import Request.
  Time since last request: 0.000102 seconds.
  path: Assets/Jonathan Foust/Materials/Dogram and Day Aresha Texture.png
  artifactKey: Guid(e1301e324463c6b4b90be8fe292ed862) Importer(815301076,1909f56bfc062723c751e8b465ee728b)
Start importing Assets/Jonathan Foust/Materials/Dogram and Day Aresha Texture.png using Guid(e1301e324463c6b4b90be8fe292ed862) Importer(815301076,1909f56bfc062723c751e8b465ee728b)  -> (artifact id: '74f66655cef9acdc0955d1360b07eb08') in 0.899808 seconds 
========================================================================
Received Import Request.
  Time since last request: 0.000093 seconds.
  path: Packages/com.unity.probuilder/Content/Icons/Tools/ShapeTool/Cube@2x.png
  artifactKey: Guid(bb9671d6267e3e344915d8ec1a48c043) Importer(815301076,1909f56bfc062723c751e8b465ee728b)
Start importing Packages/com.unity.probuilder/Content/Icons/Tools/ShapeTool/Cube@2x.png using Guid(bb9671d6267e3e344915d8ec1a48c043) Importer(815301076,1909f56bfc062723c751e8b465ee728b)  -> (artifact id: '3fc6c7699684a6935c7f16f7557b7ab7') in 0.704690 seconds 
========================================================================
Received Import Request.
  Time since last request: 0.000131 seconds.
  path: Packages/com.unity.probuilder/Content/Icons/Tools/PolyShape/CreatePolyShape_Over.png
  artifactKey: Guid(69e5a9941fa984e458a4dc5d50a426dc) Importer(815301076,1909f56bfc062723c751e8b465ee728b)
Start importing Packages/com.unity.probuilder/Content/Icons/Tools/PolyShape/CreatePolyShape_Over.png using Guid(69e5a9941fa984e458a4dc5d50a426dc) Importer(815301076,1909f56bfc062723c751e8b465ee728b)  -> (artifact id: '87bf6fd44df295cd72aa9f200513e2c8') in 0.013311 seconds 
========================================================================
Received Import Request.
  Time since last request: 0.000117 seconds.
  path: Packages/com.unity.probuilder/Content/Icons/Tools/ShapeTool/on/Cube.png
  artifactKey: Guid(bbee0221ac5d21044bc532e5b70f3596) Importer(815301076,1909f56bfc062723c751e8b465ee728b)
Start importing Packages/com.unity.probuilder/Content/Icons/Tools/ShapeTool/on/Cube.png using Guid(bbee0221ac5d21044bc532e5b70f3596) Importer(815301076,1909f56bfc062723c751e8b465ee728b)  -> (artifact id: '30084073c6a8a544f3fd9feb339778ca') in 0.302662 seconds 
========================================================================
Received Import Request.
  Time since last request: 0.000105 seconds.
  path: Packages/com.unity.probuilder/Content/Icons/Tools/ShapeTool/Cube_Light.png
  artifactKey: Guid(a04de6eb317108740b40bea1d8261764) Importer(815301076,1909f56bfc062723c751e8b465ee728b)
Start importing Packages/com.unity.probuilder/Content/Icons/Tools/ShapeTool/Cube_Light.png using Guid(a04de6eb317108740b40bea1d8261764) Importer(815301076,1909f56bfc062723c751e8b465ee728b)  -> (artifact id: 'a995cec47d499346353760eacb966b5f') in 0.127089 seconds 
========================================================================
Received Import Request.
  Time since last request: 0.000086 seconds.
  path: Packages/com.unity.probuilder/Content/Icons/Toolbar/CutTool.png
  artifactKey: Guid(3bd0574ca564b5c4bbd430b00e2dcecd) Importer(815301076,1909f56bfc062723c751e8b465ee728b)
Start importing Packages/com.unity.probuilder/Content/Icons/Toolbar/CutTool.png using Guid(3bd0574ca564b5c4bbd430b00e2dcecd) Importer(815301076,1909f56bfc062723c751e8b465ee728b)  -> (artifact id: '6f86dbb2c4360455e77b44069e62e785') in 0.098989 seconds 
========================================================================
Received Import Request.
  Time since last request: 0.000431 seconds.
  path: Packages/com.unity.probuilder/Content/Icons/Tools/ShapeTool/Cone@2x_Light.png
  artifactKey: Guid(054a9ce2ee90b9145a0ddb851aec900f) Importer(815301076,1909f56bfc062723c751e8b465ee728b)
Start importing Packages/com.unity.probuilder/Content/Icons/Tools/ShapeTool/Cone@2x_Light.png using Guid(054a9ce2ee90b9145a0ddb851aec900f) Importer(815301076,1909f56bfc062723c751e8b465ee728b)  -> (artifact id: '9259eec6ffccfa0dac560744240337f8') in 0.051166 seconds 
========================================================================
Received Import Request.
  Time since last request: 0.000065 seconds.
  path: Packages/com.unity.probuilder/Content/Icons/Tools/ShapeTool/Cone@2x.png
  artifactKey: Guid(a9f7cfa92f92706438588856ddafc70b) Importer(815301076,1909f56bfc062723c751e8b465ee728b)
Start importing Packages/com.unity.probuilder/Content/Icons/Tools/ShapeTool/Cone@2x.png using Guid(a9f7cfa92f92706438588856ddafc70b) Importer(815301076,1909f56bfc062723c751e8b465ee728b)  -> (artifact id: 'c76a7a0db3f821b99bb3502b608b2d56') in 1.056220 seconds 
Editor requested this worker to shutdown with reason: Scaling down because of idle timeout
AssetImportWorker is now disconnected from the server
Process exiting
